{"D:\\sinux_frontend\\vue3-jsonschema-form\\lib\\SchemaForm.tsx": {"path":"D:\\sinux_frontend\\vue3-jsonschema-form\\lib\\SchemaForm.tsx","statementMap":{"0":{"start":{"line":1,"column":0},"end":{"line":1,"column":null}},"1":{"start":{"line":5,"column":0},"end":{"line":5,"column":null}},"2":{"start":{"line":6,"column":0},"end":{"line":6,"column":null}},"3":{"start":{"line":9,"column":15},"end":{"line":9,"column":31}},"4":{"start":{"line":25,"column":4},"end":{"line":25,"column":11}},"5":{"start":{"line":27,"column":26},"end":{"line":29,"column":null}},"6":{"start":{"line":28,"column":7},"end":{"line":28,"column":12}},"7":{"start":{"line":31,"column":25},"end":{"line":31,"column":null}},"8":{"start":{"line":35,"column":4},"end":{"line":35,"column":12}},"9":{"start":{"line":37,"column":4},"end":{"line":37,"column":11}},"10":{"start":{"line":38,"column":31},"end":{"line":38,"column":null}},"11":{"start":{"line":39,"column":6},"end":{"line":39,"column":null}}},"fnMap":{"0":{"name":"(anonymous_0)","decl":{"start":{"line":24,"column":2},"end":{"line":24,"column":7}},"loc":{"start":{"line":24,"column":37},"end":{"line":47,"column":null}}},"1":{"name":"(anonymous_1)","decl":{"start":{"line":27,"column":26},"end":{"line":27,"column":36}},"loc":{"start":{"line":27,"column":36},"end":{"line":29,"column":null}}},"2":{"name":"(anonymous_2)","decl":{"start":{"line":37,"column":11},"end":{"line":37,"column":16}},"loc":{"start":{"line":37,"column":16},"end":{"line":46,"column":null}}}},"branchMap":{},"s":{"0":3,"1":3,"2":3,"3":3,"4":3,"5":3,"6":0,"7":3,"8":3,"9":3,"10":3,"11":3},"f":{"0":3,"1":0,"2":3},"b":{}}
,"D:\\sinux_frontend\\vue3-jsonschema-form\\lib\\SchemaItem.tsx": {"path":"D:\\sinux_frontend\\vue3-jsonschema-form\\lib\\SchemaItem.tsx","statementMap":{"0":{"start":{"line":1,"column":0},"end":{"line":1,"column":null}},"1":{"start":{"line":2,"column":0},"end":{"line":2,"column":null}},"2":{"start":{"line":5,"column":0},"end":{"line":5,"column":null}},"3":{"start":{"line":7,"column":0},"end":{"line":7,"column":null}},"4":{"start":{"line":8,"column":0},"end":{"line":8,"column":null}},"5":{"start":{"line":9,"column":0},"end":{"line":9,"column":null}},"6":{"start":{"line":12,"column":0},"end":{"line":12,"column":null}},"7":{"start":{"line":15,"column":15},"end":{"line":15,"column":31}},"8":{"start":{"line":20,"column":31},"end":{"line":20,"column":40}},"9":{"start":{"line":21,"column":44},"end":{"line":21,"column":null}},"10":{"start":{"line":23,"column":6},"end":{"line":23,"column":13}},"11":{"start":{"line":25,"column":4},"end":{"line":25,"column":11}},"12":{"start":{"line":26,"column":30},"end":{"line":26,"column":null}},"13":{"start":{"line":28,"column":25},"end":{"line":28,"column":null}},"14":{"start":{"line":29,"column":19},"end":{"line":29,"column":null}},"15":{"start":{"line":32,"column":6},"end":{"line":32,"column":14}},"16":{"start":{"line":34,"column":10},"end":{"line":34,"column":19}},"17":{"start":{"line":35,"column":10},"end":{"line":35,"column":null}},"18":{"start":{"line":37,"column":10},"end":{"line":37,"column":19}},"19":{"start":{"line":38,"column":10},"end":{"line":38,"column":null}},"20":{"start":{"line":40,"column":10},"end":{"line":40,"column":19}},"21":{"start":{"line":41,"column":10},"end":{"line":41,"column":null}},"22":{"start":{"line":43,"column":10},"end":{"line":43,"column":19}},"23":{"start":{"line":44,"column":10},"end":{"line":44,"column":null}},"24":{"start":{"line":46,"column":10},"end":{"line":46,"column":17}},"25":{"start":{"line":48,"column":6},"end":{"line":48,"column":13}}},"fnMap":{"0":{"name":"(anonymous_0)","decl":{"start":{"line":19,"column":2},"end":{"line":19,"column":7}},"loc":{"start":{"line":19,"column":13},"end":{"line":50,"column":null}}},"1":{"name":"(anonymous_1)","decl":{"start":{"line":20,"column":40},"end":{"line":20,"column":45}},"loc":{"start":{"line":20,"column":45},"end":{"line":24,"column":null}}},"2":{"name":"(anonymous_2)","decl":{"start":{"line":25,"column":11},"end":{"line":25,"column":16}},"loc":{"start":{"line":25,"column":16},"end":{"line":49,"column":null}}}},"branchMap":{"0":{"loc":{"start":{"line":33,"column":8},"end":{"line":35,"column":null}},"type":"switch","locations":[{"start":{"line":33,"column":8},"end":{"line":35,"column":null}},{"start":{"line":36,"column":8},"end":{"line":38,"column":null}},{"start":{"line":39,"column":8},"end":{"line":41,"column":null}},{"start":{"line":42,"column":8},"end":{"line":44,"column":null}},{"start":{"line":45,"column":8},"end":{"line":46,"column":17}}]}},"s":{"0":3,"1":3,"2":3,"3":3,"4":3,"5":3,"6":3,"7":3,"8":7,"9":7,"10":7,"11":7,"12":7,"13":7,"14":7,"15":7,"16":3,"17":3,"18":1,"19":1,"20":0,"21":0,"22":3,"23":3,"24":0,"25":7},"f":{"0":7,"1":7,"2":7},"b":{"0":[3,1,0,3,0]}}
,"D:\\sinux_frontend\\vue3-jsonschema-form\\lib\\context.ts": {"path":"D:\\sinux_frontend\\vue3-jsonschema-form\\lib\\context.ts","statementMap":{"0":{"start":{"line":1,"column":0},"end":{"line":1,"column":null}},"1":{"start":{"line":4,"column":36},"end":{"line":4,"column":null}},"2":{"start":{"line":7,"column":30},"end":{"line":16,"column":null}},"3":{"start":{"line":8,"column":64},"end":{"line":8,"column":null}},"4":{"start":{"line":12,"column":2},"end":{"line":14,"column":null}},"5":{"start":{"line":13,"column":4},"end":{"line":13,"column":10}},"6":{"start":{"line":15,"column":2},"end":{"line":15,"column":9}}},"fnMap":{"0":{"name":"(anonymous_0)","decl":{"start":{"line":7,"column":30},"end":{"line":7,"column":35}},"loc":{"start":{"line":7,"column":35},"end":{"line":16,"column":null}}}},"branchMap":{"0":{"loc":{"start":{"line":12,"column":2},"end":{"line":14,"column":null}},"type":"if","locations":[{"start":{"line":12,"column":2},"end":{"line":14,"column":null}},{"start":{"line":12,"column":2},"end":{"line":14,"column":null}}]}},"s":{"0":3,"1":3,"2":3,"3":3,"4":3,"5":0,"6":3},"f":{"0":3},"b":{"0":[0,3]}}
,"D:\\sinux_frontend\\vue3-jsonschema-form\\lib\\index.ts": {"path":"D:\\sinux_frontend\\vue3-jsonschema-form\\lib\\index.ts","statementMap":{"0":{"start":{"line":1,"column":0},"end":{"line":1,"column":null}},"1":{"start":{"line":3,"column":0},"end":{"line":3,"column":null}},"2":{"start":{"line":4,"column":0},"end":{"line":4,"column":null}},"3":{"start":{"line":5,"column":0},"end":{"line":5,"column":null}},"4":{"start":{"line":6,"column":0},"end":{"line":6,"column":null}},"5":{"start":{"line":8,"column":15},"end":{"line":8,"column":null}}},"fnMap":{},"branchMap":{},"s":{"0":3,"1":3,"2":3,"3":3,"4":3,"5":3},"f":{},"b":{}}
,"D:\\sinux_frontend\\vue3-jsonschema-form\\lib\\types.ts": {"path":"D:\\sinux_frontend\\vue3-jsonschema-form\\lib\\types.ts","statementMap":{"0":{"start":{"line":17,"column":0},"end":{"line":17,"column":12}},"1":{"start":{"line":18,"column":2},"end":{"line":18,"column":null}},"2":{"start":{"line":19,"column":2},"end":{"line":19,"column":null}},"3":{"start":{"line":20,"column":2},"end":{"line":20,"column":null}},"4":{"start":{"line":21,"column":2},"end":{"line":21,"column":null}},"5":{"start":{"line":22,"column":2},"end":{"line":22,"column":null}},"6":{"start":{"line":23,"column":2},"end":{"line":23,"column":null}},"7":{"start":{"line":52,"column":23},"end":{"line":52,"column":null}},"8":{"start":{"line":57,"column":32},"end":{"line":57,"column":null}},"9":{"start":{"line":210,"column":33},"end":{"line":210,"column":null}},"10":{"start":{"line":252,"column":38},"end":{"line":252,"column":null}},"11":{"start":{"line":273,"column":39},"end":{"line":273,"column":null}},"12":{"start":{"line":288,"column":37},"end":{"line":288,"column":null}}},"fnMap":{"0":{"name":"(anonymous_0)","decl":{"start":{"line":17,"column":0},"end":{"line":17,"column":12}},"loc":{"start":{"line":17,"column":23},"end":{"line":24,"column":null}}}},"branchMap":{"0":{"loc":{"start":{"line":17,"column":12},"end":{"line":17,"column":23}},"type":"binary-expr","locations":[{"start":{"line":17,"column":12},"end":{"line":17,"column":23}},{"start":{"line":17,"column":23},"end":{"line":17,"column":null}}]}},"s":{"0":3,"1":3,"2":3,"3":3,"4":3,"5":3,"6":3,"7":3,"8":3,"9":3,"10":3,"11":3,"12":3},"f":{"0":3},"b":{"0":[3,3]}}
,"D:\\sinux_frontend\\vue3-jsonschema-form\\lib\\utils.ts": {"path":"D:\\sinux_frontend\\vue3-jsonschema-form\\lib\\utils.ts","statementMap":{"0":{"start":{"line":3,"column":0},"end":{"line":3,"column":null}},"1":{"start":{"line":4,"column":0},"end":{"line":4,"column":null}},"2":{"start":{"line":5,"column":0},"end":{"line":5,"column":null}},"3":{"start":{"line":8,"column":0},"end":{"line":8,"column":null}},"4":{"start":{"line":13,"column":2},"end":{"line":18,"column":null}},"5":{"start":{"line":14,"column":4},"end":{"line":14,"column":11}},"6":{"start":{"line":15,"column":19},"end":{"line":15,"column":70}},"7":{"start":{"line":16,"column":6},"end":{"line":16,"column":13}},"8":{"start":{"line":19,"column":2},"end":{"line":19,"column":9}},"9":{"start":{"line":32,"column":2},"end":{"line":47,"column":null}},"10":{"start":{"line":33,"column":4},"end":{"line":33,"column":11}},"11":{"start":{"line":34,"column":9},"end":{"line":47,"column":null}},"12":{"start":{"line":35,"column":27},"end":{"line":35,"column":47}},"13":{"start":{"line":36,"column":4},"end":{"line":36,"column":11}},"14":{"start":{"line":37,"column":9},"end":{"line":47,"column":null}},"15":{"start":{"line":38,"column":4},"end":{"line":38,"column":11}},"16":{"start":{"line":41,"column":8},"end":{"line":41,"column":23}},"17":{"start":{"line":46,"column":4},"end":{"line":46,"column":11}},"18":{"start":{"line":55,"column":2},"end":{"line":57,"column":null}},"19":{"start":{"line":56,"column":4},"end":{"line":56,"column":11}},"20":{"start":{"line":58,"column":23},"end":{"line":58,"column":37}},"21":{"start":{"line":61,"column":2},"end":{"line":73,"column":null}},"22":{"start":{"line":62,"column":4},"end":{"line":72,"column":null}},"23":{"start":{"line":63,"column":6},"end":{"line":63,"column":20}},"24":{"start":{"line":69,"column":6},"end":{"line":69,"column":13}},"25":{"start":{"line":70,"column":55},"end":{"line":70,"column":null}},"26":{"start":{"line":71,"column":6},"end":{"line":71,"column":13}},"27":{"start":{"line":75,"column":4},"end":{"line":76,"column":null}},"28":{"start":{"line":77,"column":2},"end":{"line":84,"column":null}},"29":{"start":{"line":79,"column":4},"end":{"line":79,"column":11}},"30":{"start":{"line":85,"column":2},"end":{"line":85,"column":9}},"31":{"start":{"line":88,"column":40},"end":{"line":88,"column":null}},"32":{"start":{"line":96,"column":2},"end":{"line":96,"column":8}},"33":{"start":{"line":101,"column":2},"end":{"line":101,"column":8}},"34":{"start":{"line":102,"column":4},"end":{"line":105,"column":null}},"35":{"start":{"line":104,"column":6},"end":{"line":104,"column":null}},"36":{"start":{"line":108,"column":4},"end":{"line":118,"column":null}},"37":{"start":{"line":109,"column":6},"end":{"line":109,"column":26}},"38":{"start":{"line":114,"column":11},"end":{"line":118,"column":null}},"39":{"start":{"line":115,"column":6},"end":{"line":115,"column":26}},"40":{"start":{"line":117,"column":6},"end":{"line":117,"column":26}},"41":{"start":{"line":121,"column":6},"end":{"line":121,"column":20}},"42":{"start":{"line":123,"column":6},"end":{"line":123,"column":20}},"43":{"start":{"line":126,"column":2},"end":{"line":126,"column":9}},"44":{"start":{"line":148,"column":21},"end":{"line":148,"column":42}},"45":{"start":{"line":150,"column":35},"end":{"line":150,"column":null}},"46":{"start":{"line":152,"column":2},"end":{"line":152,"column":9}},"47":{"start":{"line":156,"column":18},"end":{"line":156,"column":null}},"48":{"start":{"line":157,"column":2},"end":{"line":162,"column":null}},"49":{"start":{"line":159,"column":4},"end":{"line":159,"column":8}},"50":{"start":{"line":161,"column":4},"end":{"line":161,"column":10}},"51":{"start":{"line":163,"column":18},"end":{"line":163,"column":30}},"52":{"start":{"line":164,"column":2},"end":{"line":166,"column":null}},"53":{"start":{"line":165,"column":4},"end":{"line":165,"column":10}},"54":{"start":{"line":167,"column":2},"end":{"line":170,"column":null}},"55":{"start":{"line":169,"column":4},"end":{"line":169,"column":11}},"56":{"start":{"line":171,"column":2},"end":{"line":171,"column":9}},"57":{"start":{"line":180,"column":49},"end":{"line":180,"column":null}},"58":{"start":{"line":181,"column":2},"end":{"line":191,"column":null}},"59":{"start":{"line":182,"column":4},"end":{"line":182,"column":18}},"60":{"start":{"line":186,"column":9},"end":{"line":191,"column":null}},"61":{"start":{"line":187,"column":4},"end":{"line":187,"column":18}},"62":{"start":{"line":192,"column":2},"end":{"line":192,"column":9}},"63":{"start":{"line":201,"column":2},"end":{"line":234,"column":null}},"64":{"start":{"line":203,"column":4},"end":{"line":205,"column":null}},"65":{"start":{"line":204,"column":6},"end":{"line":204,"column":null}},"66":{"start":{"line":207,"column":4},"end":{"line":212,"column":null}},"67":{"start":{"line":211,"column":6},"end":{"line":211,"column":null}},"68":{"start":{"line":216,"column":8},"end":{"line":216,"column":null}},"69":{"start":{"line":217,"column":4},"end":{"line":227,"column":null}},"70":{"start":{"line":218,"column":6},"end":{"line":218,"column":20}},"71":{"start":{"line":219,"column":11},"end":{"line":227,"column":null}},"72":{"start":{"line":220,"column":6},"end":{"line":220,"column":20}},"73":{"start":{"line":228,"column":4},"end":{"line":228,"column":11}},"74":{"start":{"line":235,"column":2},"end":{"line":235,"column":9}},"75":{"start":{"line":239,"column":2},"end":{"line":241,"column":null}},"76":{"start":{"line":240,"column":4},"end":{"line":240,"column":11}},"77":{"start":{"line":242,"column":19},"end":{"line":244,"column":null}},"78":{"start":{"line":245,"column":2},"end":{"line":245,"column":9}},"79":{"start":{"line":256,"column":38},"end":{"line":256,"column":null}},"80":{"start":{"line":261,"column":2},"end":{"line":261,"column":8}},"81":{"start":{"line":263,"column":2},"end":{"line":267,"column":null}},"82":{"start":{"line":264,"column":4},"end":{"line":264,"column":11}},"83":{"start":{"line":265,"column":9},"end":{"line":267,"column":null}},"84":{"start":{"line":266,"column":4},"end":{"line":266,"column":10}},"85":{"start":{"line":269,"column":25},"end":{"line":269,"column":38}},"86":{"start":{"line":270,"column":4},"end":{"line":272,"column":null}},"87":{"start":{"line":274,"column":2},"end":{"line":274,"column":9}},"88":{"start":{"line":290,"column":26},"end":{"line":290,"column":31}},"89":{"start":{"line":291,"column":4},"end":{"line":293,"column":null}},"90":{"start":{"line":292,"column":6},"end":{"line":292,"column":13}},"91":{"start":{"line":294,"column":57},"end":{"line":294,"column":null}},"92":{"start":{"line":295,"column":4},"end":{"line":305,"column":null}},"93":{"start":{"line":296,"column":30},"end":{"line":296,"column":null}},"94":{"start":{"line":303,"column":25},"end":{"line":303,"column":38}},"95":{"start":{"line":304,"column":6},"end":{"line":304,"column":13}},"96":{"start":{"line":307,"column":2},"end":{"line":312,"column":null}},"97":{"start":{"line":308,"column":4},"end":{"line":308,"column":11}},"98":{"start":{"line":311,"column":4},"end":{"line":311,"column":11}},"99":{"start":{"line":314,"column":20},"end":{"line":314,"column":36}},"100":{"start":{"line":318,"column":6},"end":{"line":318,"column":null}},"101":{"start":{"line":319,"column":26},"end":{"line":319,"column":28}},"102":{"start":{"line":320,"column":2},"end":{"line":320,"column":9}},"103":{"start":{"line":333,"column":12},"end":{"line":333,"column":18}},"104":{"start":{"line":334,"column":2},"end":{"line":334,"column":9}},"105":{"start":{"line":335,"column":17},"end":{"line":335,"column":null}},"106":{"start":{"line":336,"column":14},"end":{"line":336,"column":19}},"107":{"start":{"line":337,"column":4},"end":{"line":352,"column":null}},"108":{"start":{"line":338,"column":6},"end":{"line":338,"column":9}},"109":{"start":{"line":339,"column":11},"end":{"line":352,"column":null}},"110":{"start":{"line":349,"column":6},"end":{"line":349,"column":9}},"111":{"start":{"line":351,"column":6},"end":{"line":351,"column":9}},"112":{"start":{"line":353,"column":4},"end":{"line":353,"column":11}},"113":{"start":{"line":361,"column":2},"end":{"line":361,"column":23}},"114":{"start":{"line":361,"column":16},"end":{"line":361,"column":23}},"115":{"start":{"line":362,"column":2},"end":{"line":362,"column":9}},"116":{"start":{"line":366,"column":2},"end":{"line":366,"column":9}},"117":{"start":{"line":370,"column":2},"end":{"line":370,"column":9}},"118":{"start":{"line":378,"column":2},"end":{"line":378,"column":9}},"119":{"start":{"line":383,"column":17},"end":{"line":383,"column":null}},"120":{"start":{"line":385,"column":2},"end":{"line":387,"column":null}},"121":{"start":{"line":386,"column":4},"end":{"line":386,"column":11}},"122":{"start":{"line":389,"column":2},"end":{"line":391,"column":null}},"123":{"start":{"line":390,"column":4},"end":{"line":390,"column":11}},"124":{"start":{"line":393,"column":2},"end":{"line":395,"column":null}},"125":{"start":{"line":394,"column":4},"end":{"line":394,"column":11}},"126":{"start":{"line":397,"column":17},"end":{"line":397,"column":null}},"127":{"start":{"line":398,"column":2},"end":{"line":400,"column":null}},"128":{"start":{"line":399,"column":4},"end":{"line":399,"column":11}},"129":{"start":{"line":399,"column":28},"end":{"line":399,"column":null}},"130":{"start":{"line":402,"column":2},"end":{"line":402,"column":9}},"131":{"start":{"line":431,"column":25},"end":{"line":447,"column":null}},"132":{"start":{"line":432,"column":2},"end":{"line":444,"column":null}},"133":{"start":{"line":433,"column":4},"end":{"line":433,"column":11}},"134":{"start":{"line":434,"column":9},"end":{"line":444,"column":null}},"135":{"start":{"line":435,"column":4},"end":{"line":435,"column":11}},"136":{"start":{"line":436,"column":9},"end":{"line":444,"column":null}},"137":{"start":{"line":437,"column":4},"end":{"line":437,"column":11}},"138":{"start":{"line":438,"column":9},"end":{"line":444,"column":null}},"139":{"start":{"line":439,"column":4},"end":{"line":439,"column":11}},"140":{"start":{"line":440,"column":9},"end":{"line":444,"column":null}},"141":{"start":{"line":441,"column":4},"end":{"line":441,"column":11}},"142":{"start":{"line":442,"column":9},"end":{"line":444,"column":null}},"143":{"start":{"line":443,"column":4},"end":{"line":443,"column":11}},"144":{"start":{"line":446,"column":2},"end":{"line":446,"column":9}},"145":{"start":{"line":450,"column":2},"end":{"line":450,"column":null}},"146":{"start":{"line":457,"column":17},"end":{"line":457,"column":32}},"147":{"start":{"line":458,"column":21},"end":{"line":458,"column":null}},"148":{"start":{"line":459,"column":2},"end":{"line":463,"column":null}},"149":{"start":{"line":460,"column":4},"end":{"line":460,"column":11}},"150":{"start":{"line":461,"column":9},"end":{"line":463,"column":null}},"151":{"start":{"line":462,"column":4},"end":{"line":462,"column":12}},"152":{"start":{"line":462,"column":50},"end":{"line":462,"column":61}},"153":{"start":{"line":464,"column":2},"end":{"line":464,"column":9}},"154":{"start":{"line":468,"column":2},"end":{"line":470,"column":null}},"155":{"start":{"line":469,"column":4},"end":{"line":469,"column":11}},"156":{"start":{"line":471,"column":2},"end":{"line":471,"column":9}},"157":{"start":{"line":480,"column":2},"end":{"line":530,"column":null}},"158":{"start":{"line":480,"column":15},"end":{"line":480,"column":18}},"159":{"start":{"line":481,"column":19},"end":{"line":481,"column":27}},"160":{"start":{"line":490,"column":4},"end":{"line":529,"column":null}},"161":{"start":{"line":493,"column":28},"end":{"line":493,"column":null}},"162":{"start":{"line":494,"column":60},"end":{"line":494,"column":null}},"163":{"start":{"line":502,"column":6},"end":{"line":518,"column":null}},"164":{"start":{"line":504,"column":36},"end":{"line":504,"column":null}},"165":{"start":{"line":506,"column":8},"end":{"line":511,"column":null}},"166":{"start":{"line":507,"column":10},"end":{"line":507,"column":22}},"167":{"start":{"line":510,"column":10},"end":{"line":510,"column":22}},"168":{"start":{"line":513,"column":8},"end":{"line":513,"column":20}},"169":{"start":{"line":515,"column":8},"end":{"line":515,"column":23}},"170":{"start":{"line":517,"column":8},"end":{"line":517,"column":23}},"171":{"start":{"line":522,"column":6},"end":{"line":522,"column":13}},"172":{"start":{"line":524,"column":6},"end":{"line":526,"column":null}},"173":{"start":{"line":525,"column":8},"end":{"line":525,"column":15}},"174":{"start":{"line":527,"column":11},"end":{"line":529,"column":null}},"175":{"start":{"line":528,"column":6},"end":{"line":528,"column":13}},"176":{"start":{"line":531,"column":2},"end":{"line":531,"column":9}},"177":{"start":{"line":535,"column":2},"end":{"line":556,"column":null}},"178":{"start":{"line":536,"column":4},"end":{"line":538,"column":null}},"179":{"start":{"line":537,"column":6},"end":{"line":537,"column":14}},"180":{"start":{"line":539,"column":4},"end":{"line":539,"column":11}},"181":{"start":{"line":540,"column":6},"end":{"line":542,"column":null}},"182":{"start":{"line":541,"column":8},"end":{"line":541,"column":15}},"183":{"start":{"line":543,"column":6},"end":{"line":543,"column":13}},"184":{"start":{"line":545,"column":9},"end":{"line":556,"column":null}},"185":{"start":{"line":546,"column":16},"end":{"line":546,"column":22}},"186":{"start":{"line":547,"column":4},"end":{"line":547,"column":11}},"187":{"start":{"line":548,"column":6},"end":{"line":548,"column":9}},"188":{"start":{"line":552,"column":6},"end":{"line":552,"column":13}},"189":{"start":{"line":555,"column":4},"end":{"line":555,"column":11}},"190":{"start":{"line":565,"column":2},"end":{"line":567,"column":null}},"191":{"start":{"line":566,"column":4},"end":{"line":566,"column":10}},"192":{"start":{"line":569,"column":19},"end":{"line":569,"column":null}},"193":{"start":{"line":578,"column":2},"end":{"line":581,"column":null}},"194":{"start":{"line":580,"column":4},"end":{"line":580,"column":11}},"195":{"start":{"line":582,"column":2},"end":{"line":584,"column":null}},"196":{"start":{"line":583,"column":4},"end":{"line":583,"column":11}},"197":{"start":{"line":585,"column":2},"end":{"line":587,"column":null}},"198":{"start":{"line":586,"column":4},"end":{"line":586,"column":11}},"199":{"start":{"line":588,"column":2},"end":{"line":588,"column":9}}},"fnMap":{"0":{"name":"optionsList","decl":{"start":{"line":12,"column":16},"end":{"line":12,"column":28}},"loc":{"start":{"line":12,"column":43},"end":{"line":29,"column":null}}},"1":{"name":"(anonymous_1)","decl":{"start":{"line":14,"column":27},"end":{"line":14,"column":28}},"loc":{"start":{"line":14,"column":40},"end":{"line":17,"column":null}}},"2":{"name":"resolveSchema","decl":{"start":{"line":31,"column":16},"end":{"line":31,"column":30}},"loc":{"start":{"line":31,"column":77},"end":{"line":48,"column":null}}},"3":{"name":"(anonymous_3)","decl":{"start":{"line":40,"column":40},"end":{"line":40,"column":null}},"loc":{"start":{"line":41,"column":8},"end":{"line":41,"column":23}}},"4":{"name":"retrieveSchema","decl":{"start":{"line":50,"column":16},"end":{"line":50,"column":null}},"loc":{"start":{"line":53,"column":20},"end":{"line":86,"column":null}}},"5":{"name":"stubExistingAdditionalProperties","decl":{"start":{"line":90,"column":16},"end":{"line":90,"column":null}},"loc":{"start":{"line":93,"column":20},"end":{"line":127,"column":null}}},"6":{"name":"(anonymous_6)","decl":{"start":{"line":101,"column":33},"end":{"line":101,"column":40}},"loc":{"start":{"line":101,"column":40},"end":{"line":124,"column":null}}},"7":{"name":"resolveReference","decl":{"start":{"line":142,"column":9},"end":{"line":142,"column":null}},"loc":{"start":{"line":145,"column":15},"end":{"line":153,"column":null}}},"8":{"name":"findSchemaDefinition","decl":{"start":{"line":155,"column":16},"end":{"line":155,"column":37}},"loc":{"start":{"line":155,"column":66},"end":{"line":172,"column":null}}},"9":{"name":"resolveDependencies","decl":{"start":{"line":174,"column":9},"end":{"line":174,"column":null}},"loc":{"start":{"line":177,"column":15},"end":{"line":193,"column":null}}},"10":{"name":"processDependencies","decl":{"start":{"line":194,"column":9},"end":{"line":194,"column":null}},"loc":{"start":{"line":198,"column":15},"end":{"line":236,"column":null}}},"11":{"name":"withDependentProperties","decl":{"start":{"line":238,"column":9},"end":{"line":238,"column":33}},"loc":{"start":{"line":238,"column":71},"end":{"line":246,"column":null}}},"12":{"name":"withDependentSchema","decl":{"start":{"line":248,"column":9},"end":{"line":248,"column":null}},"loc":{"start":{"line":253,"column":22},"end":{"line":281,"column":null}}},"13":{"name":"(anonymous_13)","decl":{"start":{"line":269,"column":44},"end":{"line":269,"column":null}},"loc":{"start":{"line":270,"column":4},"end":{"line":272,"column":null}}},"14":{"name":"withExactlyOneSubschema","decl":{"start":{"line":283,"column":9},"end":{"line":283,"column":null}},"loc":{"start":{"line":288,"column":12},"end":{"line":325,"column":null}}},"15":{"name":"(anonymous_15)","decl":{"start":{"line":290,"column":40},"end":{"line":290,"column":58}},"loc":{"start":{"line":290,"column":58},"end":{"line":306,"column":null}}},"16":{"name":"mergeSchemas","decl":{"start":{"line":332,"column":16},"end":{"line":332,"column":29}},"loc":{"start":{"line":332,"column":49},"end":{"line":355,"column":null}}},"17":{"name":"(anonymous_17)","decl":{"start":{"line":334,"column":34},"end":{"line":334,"column":35}},"loc":{"start":{"line":334,"column":47},"end":{"line":354,"column":5}}},"18":{"name":"getVJSFConfig","decl":{"start":{"line":357,"column":16},"end":{"line":357,"column":null}},"loc":{"start":{"line":359,"column":43},"end":{"line":363,"column":null}}},"19":{"name":"isObject","decl":{"start":{"line":365,"column":16},"end":{"line":365,"column":25}},"loc":{"start":{"line":365,"column":35},"end":{"line":367,"column":null}}},"20":{"name":"isEmptyObject","decl":{"start":{"line":369,"column":16},"end":{"line":369,"column":30}},"loc":{"start":{"line":369,"column":40},"end":{"line":371,"column":null}}},"21":{"name":"hasOwnProperty","decl":{"start":{"line":373,"column":16},"end":{"line":373,"column":31}},"loc":{"start":{"line":373,"column":52},"end":{"line":379,"column":null}}},"22":{"name":"getSchemaType","decl":{"start":{"line":382,"column":16},"end":{"line":382,"column":30}},"loc":{"start":{"line":382,"column":45},"end":{"line":427,"column":null}}},"23":{"name":"(anonymous_23)","decl":{"start":{"line":399,"column":19},"end":{"line":399,"column":28}},"loc":{"start":{"line":399,"column":28},"end":{"line":399,"column":null}}},"24":{"name":"guessType","decl":{"start":{"line":431,"column":34},"end":{"line":431,"column":44}},"loc":{"start":{"line":431,"column":54},"end":{"line":447,"column":null}}},"25":{"name":"isConstant","decl":{"start":{"line":449,"column":16},"end":{"line":449,"column":27}},"loc":{"start":{"line":449,"column":42},"end":{"line":454,"column":null}}},"26":{"name":"isSelect","decl":{"start":{"line":456,"column":16},"end":{"line":456,"column":25}},"loc":{"start":{"line":456,"column":63},"end":{"line":465,"column":null}}},"27":{"name":"(anonymous_27)","decl":{"start":{"line":462,"column":38},"end":{"line":462,"column":50}},"loc":{"start":{"line":462,"column":50},"end":{"line":462,"column":61}}},"28":{"name":"isMultiSelect","decl":{"start":{"line":467,"column":16},"end":{"line":467,"column":30}},"loc":{"start":{"line":467,"column":71},"end":{"line":472,"column":null}}},"29":{"name":"getMatchingOption","decl":{"start":{"line":475,"column":16},"end":{"line":475,"column":null}},"loc":{"start":{"line":478,"column":50},"end":{"line":532,"column":null}}},"30":{"name":"(anonymous_30)","decl":{"start":{"line":494,"column":51},"end":{"line":494,"column":60}},"loc":{"start":{"line":494,"column":60},"end":{"line":494,"column":null}}},"31":{"name":"mergeDefaultsWithFormData","decl":{"start":{"line":534,"column":16},"end":{"line":534,"column":42}},"loc":{"start":{"line":534,"column":70},"end":{"line":557,"column":null}}},"32":{"name":"(anonymous_32)","decl":{"start":{"line":539,"column":24},"end":{"line":539,"column":25}},"loc":{"start":{"line":539,"column":39},"end":{"line":544,"column":null}}},"33":{"name":"(anonymous_33)","decl":{"start":{"line":547,"column":40},"end":{"line":547,"column":41}},"loc":{"start":{"line":547,"column":53},"end":{"line":553,"column":7}}},"34":{"name":"getDefaultFormState","decl":{"start":{"line":559,"column":16},"end":{"line":559,"column":null}},"loc":{"start":{"line":561,"column":15},"end":{"line":589,"column":null}}}},"branchMap":{"0":{"loc":{"start":{"line":13,"column":2},"end":{"line":18,"column":null}},"type":"if","locations":[{"start":{"line":13,"column":2},"end":{"line":18,"column":null}},{"start":{"line":13,"column":2},"end":{"line":18,"column":null}}]},"1":{"loc":{"start":{"line":15,"column":19},"end":{"line":15,"column":39}},"type":"binary-expr","locations":[{"start":{"line":15,"column":19},"end":{"line":15,"column":39}},{"start":{"line":15,"column":39},"end":{"line":15,"column":45}},{"start":{"line":15,"column":63},"end":{"line":15,"column":70}}]},"2":{"loc":{"start":{"line":31,"column":60},"end":{"line":31,"column":64}},"type":"default-arg","locations":[{"start":{"line":31,"column":60},"end":{"line":31,"column":64}}]},"3":{"loc":{"start":{"line":31,"column":75},"end":{"line":31,"column":77}},"type":"default-arg","locations":[{"start":{"line":31,"column":75},"end":{"line":31,"column":77}}]},"4":{"loc":{"start":{"line":32,"column":2},"end":{"line":47,"column":null}},"type":"if","locations":[{"start":{"line":32,"column":2},"end":{"line":47,"column":null}},{"start":{"line":32,"column":2},"end":{"line":47,"column":null}}]},"5":{"loc":{"start":{"line":34,"column":9},"end":{"line":47,"column":null}},"type":"if","locations":[{"start":{"line":34,"column":9},"end":{"line":47,"column":null}},{"start":{"line":34,"column":9},"end":{"line":47,"column":null}}]},"6":{"loc":{"start":{"line":37,"column":9},"end":{"line":47,"column":null}},"type":"if","locations":[{"start":{"line":37,"column":9},"end":{"line":47,"column":null}},{"start":{"line":37,"column":9},"end":{"line":47,"column":null}}]},"7":{"loc":{"start":{"line":37,"column":13},"end":{"line":37,"column":28}},"type":"binary-expr","locations":[{"start":{"line":37,"column":13},"end":{"line":37,"column":28}},{"start":{"line":37,"column":48},"end":{"line":37,"column":53}}]},"8":{"loc":{"start":{"line":52,"column":15},"end":{"line":52,"column":null}},"type":"default-arg","locations":[{"start":{"line":52,"column":15},"end":{"line":52,"column":null}}]},"9":{"loc":{"start":{"line":53,"column":18},"end":{"line":53,"column":20}},"type":"default-arg","locations":[{"start":{"line":53,"column":18},"end":{"line":53,"column":20}}]},"10":{"loc":{"start":{"line":55,"column":2},"end":{"line":57,"column":null}},"type":"if","locations":[{"start":{"line":55,"column":2},"end":{"line":57,"column":null}},{"start":{"line":55,"column":2},"end":{"line":57,"column":null}}]},"11":{"loc":{"start":{"line":61,"column":2},"end":{"line":73,"column":null}},"type":"if","locations":[{"start":{"line":61,"column":2},"end":{"line":73,"column":null}},{"start":{"line":61,"column":2},"end":{"line":73,"column":null}}]},"12":{"loc":{"start":{"line":75,"column":4},"end":{"line":75,"column":18}},"type":"binary-expr","locations":[{"start":{"line":75,"column":4},"end":{"line":75,"column":18}},{"start":{"line":76,"column":4},"end":{"line":76,"column":null}}]},"13":{"loc":{"start":{"line":77,"column":2},"end":{"line":84,"column":null}},"type":"if","locations":[{"start":{"line":77,"column":2},"end":{"line":84,"column":null}},{"start":{"line":77,"column":2},"end":{"line":84,"column":null}}]},"14":{"loc":{"start":{"line":92,"column":24},"end":{"line":92,"column":null}},"type":"default-arg","locations":[{"start":{"line":92,"column":24},"end":{"line":92,"column":null}}]},"15":{"loc":{"start":{"line":93,"column":18},"end":{"line":93,"column":20}},"type":"default-arg","locations":[{"start":{"line":93,"column":18},"end":{"line":93,"column":20}}]},"16":{"loc":{"start":{"line":102,"column":4},"end":{"line":105,"column":null}},"type":"if","locations":[{"start":{"line":102,"column":4},"end":{"line":105,"column":null}},{"start":{"line":102,"column":4},"end":{"line":105,"column":null}}]},"17":{"loc":{"start":{"line":108,"column":4},"end":{"line":118,"column":null}},"type":"if","locations":[{"start":{"line":108,"column":4},"end":{"line":118,"column":null}},{"start":{"line":108,"column":4},"end":{"line":118,"column":null}}]},"18":{"loc":{"start":{"line":114,"column":11},"end":{"line":118,"column":null}},"type":"if","locations":[{"start":{"line":114,"column":11},"end":{"line":118,"column":null}},{"start":{"line":114,"column":11},"end":{"line":118,"column":null}}]},"19":{"loc":{"start":{"line":155,"column":64},"end":{"line":155,"column":66}},"type":"default-arg","locations":[{"start":{"line":155,"column":64},"end":{"line":155,"column":66}}]},"20":{"loc":{"start":{"line":157,"column":2},"end":{"line":162,"column":null}},"type":"if","locations":[{"start":{"line":157,"column":2},"end":{"line":162,"column":null}},{"start":{"line":157,"column":2},"end":{"line":162,"column":null}}]},"21":{"loc":{"start":{"line":164,"column":2},"end":{"line":166,"column":null}},"type":"if","locations":[{"start":{"line":164,"column":2},"end":{"line":166,"column":null}},{"start":{"line":164,"column":2},"end":{"line":166,"column":null}}]},"22":{"loc":{"start":{"line":167,"column":2},"end":{"line":170,"column":null}},"type":"if","locations":[{"start":{"line":167,"column":2},"end":{"line":170,"column":null}},{"start":{"line":167,"column":2},"end":{"line":170,"column":null}}]},"23":{"loc":{"start":{"line":180,"column":23},"end":{"line":180,"column":27}},"type":"default-arg","locations":[{"start":{"line":180,"column":23},"end":{"line":180,"column":27}}]},"24":{"loc":{"start":{"line":181,"column":2},"end":{"line":191,"column":null}},"type":"if","locations":[{"start":{"line":181,"column":2},"end":{"line":191,"column":null}},{"start":{"line":181,"column":2},"end":{"line":191,"column":null}}]},"25":{"loc":{"start":{"line":186,"column":9},"end":{"line":191,"column":null}},"type":"if","locations":[{"start":{"line":186,"column":9},"end":{"line":191,"column":null}},{"start":{"line":186,"column":9},"end":{"line":191,"column":null}}]},"26":{"loc":{"start":{"line":203,"column":4},"end":{"line":205,"column":null}},"type":"if","locations":[{"start":{"line":203,"column":4},"end":{"line":205,"column":null}},{"start":{"line":203,"column":4},"end":{"line":205,"column":null}}]},"27":{"loc":{"start":{"line":207,"column":4},"end":{"line":212,"column":null}},"type":"if","locations":[{"start":{"line":207,"column":4},"end":{"line":212,"column":null}},{"start":{"line":207,"column":4},"end":{"line":212,"column":null}}]},"28":{"loc":{"start":{"line":208,"column":6},"end":{"line":208,"column":null}},"type":"binary-expr","locations":[{"start":{"line":208,"column":6},"end":{"line":208,"column":null}},{"start":{"line":209,"column":6},"end":{"line":209,"column":8}}]},"29":{"loc":{"start":{"line":217,"column":4},"end":{"line":227,"column":null}},"type":"if","locations":[{"start":{"line":217,"column":4},"end":{"line":227,"column":null}},{"start":{"line":217,"column":4},"end":{"line":227,"column":null}}]},"30":{"loc":{"start":{"line":219,"column":11},"end":{"line":227,"column":null}},"type":"if","locations":[{"start":{"line":219,"column":11},"end":{"line":227,"column":null}},{"start":{"line":219,"column":11},"end":{"line":227,"column":null}}]},"31":{"loc":{"start":{"line":239,"column":2},"end":{"line":241,"column":null}},"type":"if","locations":[{"start":{"line":239,"column":2},"end":{"line":241,"column":null}},{"start":{"line":239,"column":2},"end":{"line":241,"column":null}}]},"32":{"loc":{"start":{"line":243,"column":6},"end":{"line":243,"column":11}},"type":"cond-expr","locations":[{"start":{"line":243,"column":6},"end":{"line":243,"column":11}},{"start":{"line":244,"column":6},"end":{"line":244,"column":null}}]},"33":{"loc":{"start":{"line":263,"column":2},"end":{"line":267,"column":null}},"type":"if","locations":[{"start":{"line":263,"column":2},"end":{"line":267,"column":null}},{"start":{"line":263,"column":2},"end":{"line":267,"column":null}}]},"34":{"loc":{"start":{"line":265,"column":9},"end":{"line":267,"column":null}},"type":"if","locations":[{"start":{"line":265,"column":9},"end":{"line":267,"column":null}},{"start":{"line":265,"column":9},"end":{"line":267,"column":null}}]},"35":{"loc":{"start":{"line":271,"column":8},"end":{"line":271,"column":25}},"type":"cond-expr","locations":[{"start":{"line":271,"column":8},"end":{"line":271,"column":25}},{"start":{"line":272,"column":8},"end":{"line":272,"column":null}}]},"36":{"loc":{"start":{"line":291,"column":4},"end":{"line":293,"column":null}},"type":"if","locations":[{"start":{"line":291,"column":4},"end":{"line":293,"column":null}},{"start":{"line":291,"column":4},"end":{"line":293,"column":null}}]},"37":{"loc":{"start":{"line":295,"column":4},"end":{"line":305,"column":null}},"type":"if","locations":[{"start":{"line":295,"column":4},"end":{"line":305,"column":null}},{"start":{"line":295,"column":4},"end":{"line":305,"column":null}}]},"38":{"loc":{"start":{"line":304,"column":13},"end":{"line":304,"column":24}},"type":"binary-expr","locations":[{"start":{"line":304,"column":13},"end":{"line":304,"column":24}},{"start":{"line":304,"column":24},"end":{"line":304,"column":null}}]},"39":{"loc":{"start":{"line":307,"column":2},"end":{"line":312,"column":null}},"type":"if","locations":[{"start":{"line":307,"column":2},"end":{"line":312,"column":null}},{"start":{"line":307,"column":2},"end":{"line":312,"column":null}}]},"40":{"loc":{"start":{"line":335,"column":24},"end":{"line":335,"column":29}},"type":"cond-expr","locations":[{"start":{"line":335,"column":24},"end":{"line":335,"column":29}},{"start":{"line":335,"column":36},"end":{"line":335,"column":null}}]},"41":{"loc":{"start":{"line":337,"column":4},"end":{"line":352,"column":null}},"type":"if","locations":[{"start":{"line":337,"column":4},"end":{"line":352,"column":null}},{"start":{"line":337,"column":4},"end":{"line":352,"column":null}}]},"42":{"loc":{"start":{"line":337,"column":8},"end":{"line":337,"column":12}},"type":"binary-expr","locations":[{"start":{"line":337,"column":8},"end":{"line":337,"column":12}},{"start":{"line":337,"column":16},"end":{"line":337,"column":31}},{"start":{"line":337,"column":45},"end":{"line":337,"column":54}}]},"43":{"loc":{"start":{"line":339,"column":11},"end":{"line":352,"column":null}},"type":"if","locations":[{"start":{"line":339,"column":11},"end":{"line":352,"column":null}},{"start":{"line":339,"column":11},"end":{"line":352,"column":null}}]},"44":{"loc":{"start":{"line":340,"column":6},"end":{"line":340,"column":10}},"type":"binary-expr","locations":[{"start":{"line":340,"column":6},"end":{"line":340,"column":10}},{"start":{"line":341,"column":6},"end":{"line":341,"column":null}},{"start":{"line":342,"column":7},"end":{"line":342,"column":43}},{"start":{"line":342,"column":43},"end":{"line":342,"column":null}},{"start":{"line":343,"column":6},"end":{"line":343,"column":null}},{"start":{"line":344,"column":6},"end":{"line":344,"column":11}},{"start":{"line":345,"column":6},"end":{"line":345,"column":11}}]},"45":{"loc":{"start":{"line":361,"column":2},"end":{"line":361,"column":23}},"type":"if","locations":[{"start":{"line":361,"column":2},"end":{"line":361,"column":23}},{"start":{"line":361,"column":2},"end":{"line":361,"column":23}}]},"46":{"loc":{"start":{"line":362,"column":9},"end":{"line":362,"column":24}},"type":"binary-expr","locations":[{"start":{"line":362,"column":9},"end":{"line":362,"column":24}},{"start":{"line":362,"column":24},"end":{"line":362,"column":null}}]},"47":{"loc":{"start":{"line":366,"column":9},"end":{"line":366,"column":38}},"type":"binary-expr","locations":[{"start":{"line":366,"column":9},"end":{"line":366,"column":38}},{"start":{"line":366,"column":38},"end":{"line":366,"column":56}},{"start":{"line":366,"column":56},"end":{"line":366,"column":62}}]},"48":{"loc":{"start":{"line":370,"column":9},"end":{"line":370,"column":18}},"type":"binary-expr","locations":[{"start":{"line":370,"column":9},"end":{"line":370,"column":18}},{"start":{"line":370,"column":28},"end":{"line":370,"column":null}}]},"49":{"loc":{"start":{"line":385,"column":2},"end":{"line":387,"column":null}},"type":"if","locations":[{"start":{"line":385,"column":2},"end":{"line":387,"column":null}},{"start":{"line":385,"column":2},"end":{"line":387,"column":null}}]},"50":{"loc":{"start":{"line":385,"column":6},"end":{"line":385,"column":15}},"type":"binary-expr","locations":[{"start":{"line":385,"column":6},"end":{"line":385,"column":15}},{"start":{"line":385,"column":15},"end":{"line":385,"column":29}}]},"51":{"loc":{"start":{"line":389,"column":2},"end":{"line":391,"column":null}},"type":"if","locations":[{"start":{"line":389,"column":2},"end":{"line":391,"column":null}},{"start":{"line":389,"column":2},"end":{"line":391,"column":null}}]},"52":{"loc":{"start":{"line":389,"column":6},"end":{"line":389,"column":15}},"type":"binary-expr","locations":[{"start":{"line":389,"column":6},"end":{"line":389,"column":15}},{"start":{"line":389,"column":15},"end":{"line":389,"column":28}}]},"53":{"loc":{"start":{"line":393,"column":2},"end":{"line":395,"column":null}},"type":"if","locations":[{"start":{"line":393,"column":2},"end":{"line":395,"column":null}},{"start":{"line":393,"column":2},"end":{"line":395,"column":null}}]},"54":{"loc":{"start":{"line":393,"column":6},"end":{"line":393,"column":16}},"type":"binary-expr","locations":[{"start":{"line":393,"column":6},"end":{"line":393,"column":16}},{"start":{"line":393,"column":16},"end":{"line":393,"column":37}},{"start":{"line":393,"column":37},"end":{"line":393,"column":67}}]},"55":{"loc":{"start":{"line":398,"column":2},"end":{"line":400,"column":null}},"type":"if","locations":[{"start":{"line":398,"column":2},"end":{"line":400,"column":null}},{"start":{"line":398,"column":2},"end":{"line":400,"column":null}}]},"56":{"loc":{"start":{"line":398,"column":6},"end":{"line":398,"column":28}},"type":"binary-expr","locations":[{"start":{"line":398,"column":6},"end":{"line":398,"column":28}},{"start":{"line":398,"column":28},"end":{"line":398,"column":46}},{"start":{"line":398,"column":46},"end":{"line":398,"column":47}}]},"57":{"loc":{"start":{"line":432,"column":2},"end":{"line":444,"column":null}},"type":"if","locations":[{"start":{"line":432,"column":2},"end":{"line":444,"column":null}},{"start":{"line":432,"column":2},"end":{"line":444,"column":null}}]},"58":{"loc":{"start":{"line":434,"column":9},"end":{"line":444,"column":null}},"type":"if","locations":[{"start":{"line":434,"column":9},"end":{"line":444,"column":null}},{"start":{"line":434,"column":9},"end":{"line":444,"column":null}}]},"59":{"loc":{"start":{"line":436,"column":9},"end":{"line":444,"column":null}},"type":"if","locations":[{"start":{"line":436,"column":9},"end":{"line":444,"column":null}},{"start":{"line":436,"column":9},"end":{"line":444,"column":null}}]},"60":{"loc":{"start":{"line":438,"column":9},"end":{"line":444,"column":null}},"type":"if","locations":[{"start":{"line":438,"column":9},"end":{"line":444,"column":null}},{"start":{"line":438,"column":9},"end":{"line":444,"column":null}}]},"61":{"loc":{"start":{"line":440,"column":9},"end":{"line":444,"column":null}},"type":"if","locations":[{"start":{"line":440,"column":9},"end":{"line":444,"column":null}},{"start":{"line":440,"column":9},"end":{"line":444,"column":null}}]},"62":{"loc":{"start":{"line":442,"column":9},"end":{"line":444,"column":null}},"type":"if","locations":[{"start":{"line":442,"column":9},"end":{"line":444,"column":null}},{"start":{"line":442,"column":9},"end":{"line":444,"column":null}}]},"63":{"loc":{"start":{"line":451,"column":5},"end":{"line":451,"column":10}},"type":"binary-expr","locations":[{"start":{"line":451,"column":5},"end":{"line":451,"column":10}},{"start":{"line":451,"column":35},"end":{"line":451,"column":null}},{"start":{"line":452,"column":4},"end":{"line":452,"column":10}}]},"64":{"loc":{"start":{"line":456,"column":61},"end":{"line":456,"column":63}},"type":"default-arg","locations":[{"start":{"line":456,"column":61},"end":{"line":456,"column":63}}]},"65":{"loc":{"start":{"line":458,"column":21},"end":{"line":458,"column":37}},"type":"binary-expr","locations":[{"start":{"line":458,"column":21},"end":{"line":458,"column":37}},{"start":{"line":458,"column":37},"end":{"line":458,"column":null}}]},"66":{"loc":{"start":{"line":459,"column":2},"end":{"line":463,"column":null}},"type":"if","locations":[{"start":{"line":459,"column":2},"end":{"line":463,"column":null}},{"start":{"line":459,"column":2},"end":{"line":463,"column":null}}]},"67":{"loc":{"start":{"line":461,"column":9},"end":{"line":463,"column":null}},"type":"if","locations":[{"start":{"line":461,"column":9},"end":{"line":463,"column":null}},{"start":{"line":461,"column":9},"end":{"line":463,"column":null}}]},"68":{"loc":{"start":{"line":467,"column":69},"end":{"line":467,"column":71}},"type":"default-arg","locations":[{"start":{"line":467,"column":69},"end":{"line":467,"column":71}}]},"69":{"loc":{"start":{"line":468,"column":2},"end":{"line":470,"column":null}},"type":"if","locations":[{"start":{"line":468,"column":2},"end":{"line":470,"column":null}},{"start":{"line":468,"column":2},"end":{"line":470,"column":null}}]},"70":{"loc":{"start":{"line":468,"column":6},"end":{"line":468,"column":29}},"type":"binary-expr","locations":[{"start":{"line":468,"column":6},"end":{"line":468,"column":29}},{"start":{"line":468,"column":29},"end":{"line":468,"column":44}}]},"71":{"loc":{"start":{"line":490,"column":4},"end":{"line":529,"column":null}},"type":"if","locations":[{"start":{"line":490,"column":4},"end":{"line":529,"column":null}},{"start":{"line":490,"column":4},"end":{"line":529,"column":null}}]},"72":{"loc":{"start":{"line":502,"column":6},"end":{"line":518,"column":null}},"type":"if","locations":[{"start":{"line":502,"column":6},"end":{"line":518,"column":null}},{"start":{"line":502,"column":6},"end":{"line":518,"column":null}}]},"73":{"loc":{"start":{"line":506,"column":8},"end":{"line":511,"column":null}},"type":"if","locations":[{"start":{"line":506,"column":8},"end":{"line":511,"column":null}},{"start":{"line":506,"column":8},"end":{"line":511,"column":null}}]},"74":{"loc":{"start":{"line":524,"column":6},"end":{"line":526,"column":null}},"type":"if","locations":[{"start":{"line":524,"column":6},"end":{"line":526,"column":null}},{"start":{"line":524,"column":6},"end":{"line":526,"column":null}}]},"75":{"loc":{"start":{"line":527,"column":11},"end":{"line":529,"column":null}},"type":"if","locations":[{"start":{"line":527,"column":11},"end":{"line":529,"column":null}},{"start":{"line":527,"column":11},"end":{"line":529,"column":null}}]},"76":{"loc":{"start":{"line":535,"column":2},"end":{"line":556,"column":null}},"type":"if","locations":[{"start":{"line":535,"column":2},"end":{"line":556,"column":null}},{"start":{"line":535,"column":2},"end":{"line":556,"column":null}}]},"77":{"loc":{"start":{"line":536,"column":4},"end":{"line":538,"column":null}},"type":"if","locations":[{"start":{"line":536,"column":4},"end":{"line":538,"column":null}},{"start":{"line":536,"column":4},"end":{"line":538,"column":null}}]},"78":{"loc":{"start":{"line":540,"column":6},"end":{"line":542,"column":null}},"type":"if","locations":[{"start":{"line":540,"column":6},"end":{"line":542,"column":null}},{"start":{"line":540,"column":6},"end":{"line":542,"column":null}}]},"79":{"loc":{"start":{"line":545,"column":9},"end":{"line":556,"column":null}},"type":"if","locations":[{"start":{"line":545,"column":9},"end":{"line":556,"column":null}},{"start":{"line":545,"column":9},"end":{"line":556,"column":null}}]},"80":{"loc":{"start":{"line":549,"column":19},"end":{"line":549,"column":28}},"type":"cond-expr","locations":[{"start":{"line":549,"column":19},"end":{"line":549,"column":28}},{"start":{"line":549,"column":35},"end":{"line":549,"column":null}}]},"81":{"loc":{"start":{"line":565,"column":2},"end":{"line":567,"column":null}},"type":"if","locations":[{"start":{"line":565,"column":2},"end":{"line":567,"column":null}},{"start":{"line":565,"column":2},"end":{"line":567,"column":null}}]},"82":{"loc":{"start":{"line":578,"column":2},"end":{"line":581,"column":null}},"type":"if","locations":[{"start":{"line":578,"column":2},"end":{"line":581,"column":null}},{"start":{"line":578,"column":2},"end":{"line":581,"column":null}}]},"83":{"loc":{"start":{"line":582,"column":2},"end":{"line":584,"column":null}},"type":"if","locations":[{"start":{"line":582,"column":2},"end":{"line":584,"column":null}},{"start":{"line":582,"column":2},"end":{"line":584,"column":null}}]},"84":{"loc":{"start":{"line":582,"column":6},"end":{"line":582,"column":15}},"type":"binary-expr","locations":[{"start":{"line":582,"column":6},"end":{"line":582,"column":15}},{"start":{"line":582,"column":28},"end":{"line":582,"column":33}}]},"85":{"loc":{"start":{"line":585,"column":2},"end":{"line":587,"column":null}},"type":"if","locations":[{"start":{"line":585,"column":2},"end":{"line":587,"column":null}},{"start":{"line":585,"column":2},"end":{"line":587,"column":null}}]},"86":{"loc":{"start":{"line":585,"column":6},"end":{"line":585,"column":24}},"type":"binary-expr","locations":[{"start":{"line":585,"column":6},"end":{"line":585,"column":24}},{"start":{"line":585,"column":24},"end":{"line":585,"column":46}},{"start":{"line":585,"column":46},"end":{"line":585,"column":63}}]},"87":{"loc":{"start":{"line":588,"column":9},"end":{"line":588,"column":17}},"type":"binary-expr","locations":[{"start":{"line":588,"column":9},"end":{"line":588,"column":17}},{"start":{"line":588,"column":21},"end":{"line":588,"column":null}}]}},"s":{"0":3,"1":3,"2":3,"3":3,"4":0,"5":0,"6":0,"7":0,"8":0,"9":7,"10":0,"11":7,"12":0,"13":0,"14":7,"15":0,"16":0,"17":7,"18":7,"19":0,"20":7,"21":7,"22":0,"23":0,"24":0,"25":0,"26":0,"27":7,"28":7,"29":0,"30":7,"31":3,"32":0,"33":0,"34":0,"35":0,"36":0,"37":0,"38":0,"39":0,"40":0,"41":0,"42":0,"43":0,"44":0,"45":0,"46":0,"47":0,"48":0,"49":0,"50":0,"51":0,"52":0,"53":0,"54":0,"55":0,"56":0,"57":0,"58":0,"59":0,"60":0,"61":0,"62":0,"63":0,"64":0,"65":0,"66":0,"67":0,"68":0,"69":0,"70":0,"71":0,"72":0,"73":0,"74":0,"75":0,"76":0,"77":0,"78":0,"79":0,"80":0,"81":0,"82":0,"83":0,"84":0,"85":0,"86":0,"87":0,"88":0,"89":0,"90":0,"91":0,"92":0,"93":0,"94":0,"95":0,"96":0,"97":0,"98":0,"99":0,"100":0,"101":0,"102":0,"103":0,"104":0,"105":0,"106":0,"107":0,"108":0,"109":0,"110":0,"111":0,"112":0,"113":0,"114":0,"115":0,"116":7,"117":0,"118":21,"119":0,"120":0,"121":0,"122":0,"123":0,"124":0,"125":0,"126":0,"127":0,"128":0,"129":0,"130":0,"131":3,"132":0,"133":0,"134":0,"135":0,"136":0,"137":0,"138":0,"139":0,"140":0,"141":0,"142":0,"143":0,"144":0,"145":0,"146":0,"147":0,"148":0,"149":0,"150":0,"151":0,"152":0,"153":0,"154":0,"155":0,"156":0,"157":0,"158":0,"159":0,"160":0,"161":0,"162":0,"163":0,"164":0,"165":0,"166":0,"167":0,"168":0,"169":0,"170":0,"171":0,"172":0,"173":0,"174":0,"175":0,"176":0,"177":0,"178":0,"179":0,"180":0,"181":0,"182":0,"183":0,"184":0,"185":0,"186":0,"187":0,"188":0,"189":0,"190":0,"191":0,"192":0,"193":0,"194":0,"195":0,"196":0,"197":0,"198":0,"199":0},"f":{"0":0,"1":0,"2":7,"3":0,"4":7,"5":0,"6":0,"7":0,"8":0,"9":0,"10":0,"11":0,"12":0,"13":0,"14":0,"15":0,"16":0,"17":0,"18":0,"19":7,"20":0,"21":21,"22":0,"23":0,"24":0,"25":0,"26":0,"27":0,"28":0,"29":0,"30":0,"31":0,"32":0,"33":0,"34":0},"b":{"0":[0,0],"1":[0,0,0],"2":[0],"3":[0],"4":[0,7],"5":[0,7],"6":[0,7],"7":[7,0],"8":[0],"9":[2],"10":[0,7],"11":[0,7],"12":[7,0],"13":[0,7],"14":[0],"15":[0],"16":[0,0],"17":[0,0],"18":[0,0],"19":[0],"20":[0,0],"21":[0,0],"22":[0,0],"23":[0],"24":[0,0],"25":[0,0],"26":[0,0],"27":[0,0],"28":[0,0],"29":[0,0],"30":[0,0],"31":[0,0],"32":[0,0],"33":[0,0],"34":[0,0],"35":[0,0],"36":[0,0],"37":[0,0],"38":[0,0],"39":[0,0],"40":[0,0],"41":[0,0],"42":[0,0,0],"43":[0,0],"44":[0,0,0,0,0,0,0],"45":[0,0],"46":[0,0],"47":[7,7,7],"48":[0,0],"49":[0,0],"50":[0,0],"51":[0,0],"52":[0,0],"53":[0,0],"54":[0,0,0],"55":[0,0],"56":[0,0,0],"57":[0,0],"58":[0,0],"59":[0,0],"60":[0,0],"61":[0,0],"62":[0,0],"63":[0,0,0],"64":[0],"65":[0,0],"66":[0,0],"67":[0,0],"68":[0],"69":[0,0],"70":[0,0],"71":[0,0],"72":[0,0],"73":[0,0],"74":[0,0],"75":[0,0],"76":[0,0],"77":[0,0],"78":[0,0],"79":[0,0],"80":[0,0],"81":[0,0],"82":[0,0],"83":[0,0],"84":[0,0],"85":[0,0],"86":[0,0,0],"87":[0,0]}}
,"D:\\sinux_frontend\\vue3-jsonschema-form\\lib\\fields\\ArrayField.tsx": {"path":"D:\\sinux_frontend\\vue3-jsonschema-form\\lib\\fields\\ArrayField.tsx","statementMap":{"0":{"start":{"line":1,"column":0},"end":{"line":1,"column":null}},"1":{"start":{"line":2,"column":0},"end":{"line":2,"column":null}},"2":{"start":{"line":4,"column":0},"end":{"line":4,"column":null}},"3":{"start":{"line":6,"column":0},"end":{"line":6,"column":null}},"4":{"start":{"line":8,"column":0},"end":{"line":8,"column":null}},"5":{"start":{"line":10,"column":17},"end":{"line":10,"column":33}},"6":{"start":{"line":29,"column":24},"end":{"line":29,"column":40}},"7":{"start":{"line":54,"column":23},"end":{"line":54,"column":null}},"8":{"start":{"line":56,"column":22},"end":{"line":56,"column":33}},"9":{"start":{"line":56,"column":28},"end":{"line":56,"column":33}},"10":{"start":{"line":57,"column":25},"end":{"line":57,"column":36}},"11":{"start":{"line":57,"column":31},"end":{"line":57,"column":36}},"12":{"start":{"line":58,"column":21},"end":{"line":58,"column":32}},"13":{"start":{"line":58,"column":27},"end":{"line":58,"column":32}},"14":{"start":{"line":59,"column":23},"end":{"line":59,"column":34}},"15":{"start":{"line":59,"column":29},"end":{"line":59,"column":34}},"16":{"start":{"line":61,"column":4},"end":{"line":61,"column":11}},"17":{"start":{"line":62,"column":22},"end":{"line":62,"column":null}},"18":{"start":{"line":64,"column":6},"end":{"line":64,"column":null}},"19":{"start":{"line":104,"column":15},"end":{"line":104,"column":31}},"20":{"start":{"line":108,"column":20},"end":{"line":108,"column":null}},"21":{"start":{"line":110,"column":34},"end":{"line":116,"column":null}},"22":{"start":{"line":111,"column":24},"end":{"line":111,"column":null}},"23":{"start":{"line":112,"column":18},"end":{"line":112,"column":null}},"24":{"start":{"line":114,"column":6},"end":{"line":114,"column":9}},"25":{"start":{"line":115,"column":6},"end":{"line":115,"column":11}},"26":{"start":{"line":118,"column":23},"end":{"line":125,"column":null}},"27":{"start":{"line":119,"column":24},"end":{"line":119,"column":null}},"28":{"start":{"line":120,"column":18},"end":{"line":120,"column":null}},"29":{"start":{"line":121,"column":6},"end":{"line":121,"column":9}},"30":{"start":{"line":122,"column":6},"end":{"line":122,"column":13}},"31":{"start":{"line":124,"column":6},"end":{"line":124,"column":11}},"32":{"start":{"line":127,"column":26},"end":{"line":133,"column":null}},"33":{"start":{"line":128,"column":24},"end":{"line":128,"column":null}},"34":{"start":{"line":129,"column":18},"end":{"line":129,"column":null}},"35":{"start":{"line":130,"column":6},"end":{"line":130,"column":9}},"36":{"start":{"line":132,"column":6},"end":{"line":132,"column":11}},"37":{"start":{"line":135,"column":22},"end":{"line":144,"column":null}},"38":{"start":{"line":136,"column":6},"end":{"line":136,"column":null}},"39":{"start":{"line":136,"column":23},"end":{"line":136,"column":null}},"40":{"start":{"line":137,"column":24},"end":{"line":137,"column":null}},"41":{"start":{"line":138,"column":18},"end":{"line":138,"column":null}},"42":{"start":{"line":140,"column":19},"end":{"line":140,"column":22}},"43":{"start":{"line":141,"column":6},"end":{"line":141,"column":9}},"44":{"start":{"line":143,"column":6},"end":{"line":143,"column":11}},"45":{"start":{"line":146,"column":24},"end":{"line":155,"column":null}},"46":{"start":{"line":147,"column":24},"end":{"line":147,"column":null}},"47":{"start":{"line":148,"column":18},"end":{"line":148,"column":null}},"48":{"start":{"line":149,"column":6},"end":{"line":149,"column":null}},"49":{"start":{"line":149,"column":36},"end":{"line":149,"column":null}},"50":{"start":{"line":151,"column":19},"end":{"line":151,"column":22}},"51":{"start":{"line":152,"column":6},"end":{"line":152,"column":9}},"52":{"start":{"line":154,"column":6},"end":{"line":154,"column":11}},"53":{"start":{"line":157,"column":4},"end":{"line":157,"column":11}},"54":{"start":{"line":158,"column":44},"end":{"line":158,"column":null}},"55":{"start":{"line":160,"column":29},"end":{"line":160,"column":null}},"56":{"start":{"line":162,"column":26},"end":{"line":162,"column":31}},"57":{"start":{"line":163,"column":23},"end":{"line":163,"column":null}},"58":{"start":{"line":165,"column":6},"end":{"line":215,"column":null}},"59":{"start":{"line":166,"column":32},"end":{"line":166,"column":null}},"60":{"start":{"line":167,"column":20},"end":{"line":167,"column":null}},"61":{"start":{"line":168,"column":8},"end":{"line":168,"column":15}},"62":{"start":{"line":169,"column":10},"end":{"line":169,"column":null}},"63":{"start":{"line":175,"column":36},"end":{"line":175,"column":58}},"64":{"start":{"line":179,"column":13},"end":{"line":215,"column":null}},"65":{"start":{"line":180,"column":20},"end":{"line":180,"column":null}},"66":{"start":{"line":181,"column":8},"end":{"line":181,"column":15}},"67":{"start":{"line":182,"column":10},"end":{"line":182,"column":null}},"68":{"start":{"line":195,"column":38},"end":{"line":195,"column":60}},"69":{"start":{"line":183,"column":12},"end":{"line":183,"column":null}},"70":{"start":{"line":201,"column":26},"end":{"line":201,"column":null}},"71":{"start":{"line":202,"column":24},"end":{"line":202,"column":32}},"72":{"start":{"line":203,"column":10},"end":{"line":203,"column":17}},"73":{"start":{"line":208,"column":8},"end":{"line":208,"column":null}}},"fnMap":{"0":{"name":"(anonymous_1)","decl":{"start":{"line":53,"column":2},"end":{"line":53,"column":7}},"loc":{"start":{"line":53,"column":24},"end":{"line":84,"column":null}}},"1":{"name":"(anonymous_2)","decl":{"start":{"line":56,"column":22},"end":{"line":56,"column":28}},"loc":{"start":{"line":56,"column":28},"end":{"line":56,"column":33}}},"2":{"name":"(anonymous_3)","decl":{"start":{"line":57,"column":25},"end":{"line":57,"column":31}},"loc":{"start":{"line":57,"column":31},"end":{"line":57,"column":36}}},"3":{"name":"(anonymous_4)","decl":{"start":{"line":58,"column":21},"end":{"line":58,"column":27}},"loc":{"start":{"line":58,"column":27},"end":{"line":58,"column":32}}},"4":{"name":"(anonymous_5)","decl":{"start":{"line":59,"column":23},"end":{"line":59,"column":29}},"loc":{"start":{"line":59,"column":29},"end":{"line":59,"column":34}}},"5":{"name":"(anonymous_6)","decl":{"start":{"line":61,"column":11},"end":{"line":61,"column":16}},"loc":{"start":{"line":61,"column":16},"end":{"line":83,"column":null}}},"6":{"name":"(anonymous_7)","decl":{"start":{"line":107,"column":2},"end":{"line":107,"column":7}},"loc":{"start":{"line":107,"column":13},"end":{"line":217,"column":null}}},"7":{"name":"(anonymous_8)","decl":{"start":{"line":110,"column":34},"end":{"line":110,"column":35}},"loc":{"start":{"line":110,"column":60},"end":{"line":116,"column":null}}},"8":{"name":"(anonymous_9)","decl":{"start":{"line":118,"column":23},"end":{"line":118,"column":40}},"loc":{"start":{"line":118,"column":40},"end":{"line":125,"column":null}}},"9":{"name":"(anonymous_10)","decl":{"start":{"line":127,"column":26},"end":{"line":127,"column":43}},"loc":{"start":{"line":127,"column":43},"end":{"line":133,"column":null}}},"10":{"name":"(anonymous_11)","decl":{"start":{"line":135,"column":22},"end":{"line":135,"column":39}},"loc":{"start":{"line":135,"column":39},"end":{"line":144,"column":null}}},"11":{"name":"(anonymous_12)","decl":{"start":{"line":146,"column":24},"end":{"line":146,"column":41}},"loc":{"start":{"line":146,"column":41},"end":{"line":155,"column":null}}},"12":{"name":"(anonymous_13)","decl":{"start":{"line":157,"column":11},"end":{"line":157,"column":16}},"loc":{"start":{"line":157,"column":16},"end":{"line":216,"column":null}}},"13":{"name":"(anonymous_14)","decl":{"start":{"line":168,"column":25},"end":{"line":168,"column":26}},"loc":{"start":{"line":168,"column":54},"end":{"line":178,"column":null}}},"14":{"name":"(anonymous_15)","decl":{"start":{"line":175,"column":25},"end":{"line":175,"column":36}},"loc":{"start":{"line":175,"column":36},"end":{"line":175,"column":58}}},"15":{"name":"(anonymous_16)","decl":{"start":{"line":181,"column":23},"end":{"line":181,"column":24}},"loc":{"start":{"line":181,"column":49},"end":{"line":199,"column":null}}},"16":{"name":"(anonymous_17)","decl":{"start":{"line":195,"column":27},"end":{"line":195,"column":38}},"loc":{"start":{"line":195,"column":38},"end":{"line":195,"column":60}}},"17":{"name":"(anonymous_18)","decl":{"start":{"line":183,"column":12},"end":{"line":183,"column":null}},"loc":{"start":{"line":183,"column":12},"end":{"line":183,"column":null}}},"18":{"name":"(anonymous_19)","decl":{"start":{"line":202,"column":38},"end":{"line":202,"column":48}},"loc":{"start":{"line":202,"column":48},"end":{"line":207,"column":null}}}},"branchMap":{"0":{"loc":{"start":{"line":80,"column":40},"end":{"line":80,"column":57}},"type":"binary-expr","locations":[{"start":{"line":80,"column":40},"end":{"line":80,"column":57}},{"start":{"line":80,"column":57},"end":{"line":80,"column":62}}]},"1":{"loc":{"start":{"line":112,"column":41},"end":{"line":112,"column":49}},"type":"cond-expr","locations":[{"start":{"line":112,"column":41},"end":{"line":112,"column":49}},{"start":{"line":112,"column":49},"end":{"line":112,"column":null}}]},"2":{"loc":{"start":{"line":120,"column":41},"end":{"line":120,"column":49}},"type":"cond-expr","locations":[{"start":{"line":120,"column":41},"end":{"line":120,"column":49}},{"start":{"line":120,"column":49},"end":{"line":120,"column":null}}]},"3":{"loc":{"start":{"line":129,"column":41},"end":{"line":129,"column":49}},"type":"cond-expr","locations":[{"start":{"line":129,"column":41},"end":{"line":129,"column":49}},{"start":{"line":129,"column":49},"end":{"line":129,"column":null}}]},"4":{"loc":{"start":{"line":136,"column":6},"end":{"line":136,"column":null}},"type":"if","locations":[{"start":{"line":136,"column":6},"end":{"line":136,"column":null}},{"start":{"line":136,"column":6},"end":{"line":136,"column":null}}]},"5":{"loc":{"start":{"line":138,"column":41},"end":{"line":138,"column":49}},"type":"cond-expr","locations":[{"start":{"line":138,"column":41},"end":{"line":138,"column":49}},{"start":{"line":138,"column":49},"end":{"line":138,"column":null}}]},"6":{"loc":{"start":{"line":148,"column":41},"end":{"line":148,"column":49}},"type":"cond-expr","locations":[{"start":{"line":148,"column":41},"end":{"line":148,"column":49}},{"start":{"line":148,"column":49},"end":{"line":148,"column":null}}]},"7":{"loc":{"start":{"line":149,"column":6},"end":{"line":149,"column":null}},"type":"if","locations":[{"start":{"line":149,"column":6},"end":{"line":149,"column":null}},{"start":{"line":149,"column":6},"end":{"line":149,"column":null}}]},"8":{"loc":{"start":{"line":163,"column":23},"end":{"line":163,"column":40}},"type":"binary-expr","locations":[{"start":{"line":163,"column":23},"end":{"line":163,"column":40}},{"start":{"line":163,"column":40},"end":{"line":163,"column":null}}]},"9":{"loc":{"start":{"line":165,"column":6},"end":{"line":215,"column":null}},"type":"if","locations":[{"start":{"line":165,"column":6},"end":{"line":215,"column":null}},{"start":{"line":165,"column":6},"end":{"line":215,"column":null}}]},"10":{"loc":{"start":{"line":167,"column":43},"end":{"line":167,"column":51}},"type":"cond-expr","locations":[{"start":{"line":167,"column":43},"end":{"line":167,"column":51}},{"start":{"line":167,"column":51},"end":{"line":167,"column":null}}]},"11":{"loc":{"start":{"line":179,"column":13},"end":{"line":215,"column":null}},"type":"if","locations":[{"start":{"line":179,"column":13},"end":{"line":215,"column":null}},{"start":{"line":179,"column":13},"end":{"line":215,"column":null}}]},"12":{"loc":{"start":{"line":180,"column":43},"end":{"line":180,"column":51}},"type":"cond-expr","locations":[{"start":{"line":180,"column":43},"end":{"line":180,"column":51}},{"start":{"line":180,"column":51},"end":{"line":180,"column":null}}]},"13":{"loc":{"start":{"line":183,"column":12},"end":{"line":183,"column":null}},"type":"cond-expr","locations":[{"start":{"line":183,"column":12},"end":{"line":183,"column":null}},{"start":{"line":183,"column":12},"end":{"line":183,"column":null}}]}},"s":{"0":3,"1":3,"2":3,"3":3,"4":3,"5":3,"6":3,"7":2,"8":2,"9":0,"10":2,"11":0,"12":2,"13":0,"14":2,"15":0,"16":2,"17":2,"18":2,"19":3,"20":3,"21":3,"22":0,"23":0,"24":0,"25":0,"26":3,"27":0,"28":0,"29":0,"30":0,"31":0,"32":3,"33":0,"34":0,"35":0,"36":0,"37":3,"38":0,"39":0,"40":0,"41":0,"42":0,"43":0,"44":0,"45":3,"46":0,"47":0,"48":0,"49":0,"50":0,"51":0,"52":0,"53":3,"54":3,"55":3,"56":3,"57":3,"58":3,"59":1,"60":1,"61":1,"62":2,"63":0,"64":2,"65":1,"66":1,"67":2,"68":0,"69":2,"70":1,"71":1,"72":3,"73":1},"f":{"0":2,"1":0,"2":0,"3":0,"4":0,"5":2,"6":3,"7":0,"8":0,"9":0,"10":0,"11":0,"12":3,"13":2,"14":0,"15":2,"16":0,"17":2,"18":3},"b":{"0":[2,2],"1":[0,0],"2":[0,0],"3":[0,0],"4":[0,0],"5":[0,0],"6":[0,0],"7":[0,0],"8":[3,3],"9":[1,2],"10":[0,1],"11":[1,1],"12":[1,0],"13":[0,2]}}
,"D:/sinux_frontend/vue3-jsonschema-form/lib/fields/NumberField.vue": {"path":"D:/sinux_frontend/vue3-jsonschema-form/lib/fields/NumberField.vue","statementMap":{"0":{"start":{"line":7,"column":0},"end":{"line":7,"column":null}},"1":{"start":{"line":11,"column":21},"end":{"line":19,"column":null}},"2":{"start":{"line":12,"column":16},"end":{"line":12,"column":null}},"3":{"start":{"line":13,"column":14},"end":{"line":13,"column":21}},"4":{"start":{"line":14,"column":2},"end":{"line":18,"column":null}},"5":{"start":{"line":15,"column":4},"end":{"line":15,"column":9}},"6":{"start":{"line":17,"column":4},"end":{"line":17,"column":9}}},"fnMap":{"0":{"name":"(anonymous_1)","decl":{"start":{"line":11,"column":21},"end":{"line":11,"column":22}},"loc":{"start":{"line":11,"column":28},"end":{"line":19,"column":null}}}},"branchMap":{"0":{"loc":{"start":{"line":14,"column":2},"end":{"line":18,"column":null}},"type":"if","locations":[{"start":{"line":14,"column":2},"end":{"line":18,"column":null}},{"start":{"line":14,"column":2},"end":{"line":18,"column":null}}]}},"s":{"0":3,"1":1,"2":0,"3":0,"4":0,"5":0,"6":0},"f":{"0":0},"b":{"0":[0,0]}}
,"D:\\sinux_frontend\\vue3-jsonschema-form\\lib\\fields\\ObjectField.tsx": {"path":"D:\\sinux_frontend\\vue3-jsonschema-form\\lib\\fields\\ObjectField.tsx","statementMap":{"0":{"start":{"line":1,"column":0},"end":{"line":1,"column":null}},"1":{"start":{"line":3,"column":0},"end":{"line":3,"column":null}},"2":{"start":{"line":4,"column":0},"end":{"line":4,"column":null}},"3":{"start":{"line":5,"column":0},"end":{"line":5,"column":null}},"4":{"start":{"line":7,"column":15},"end":{"line":7,"column":31}},"5":{"start":{"line":12,"column":20},"end":{"line":12,"column":null}},"6":{"start":{"line":14,"column":25},"end":{"line":22,"column":null}},"7":{"start":{"line":15,"column":25},"end":{"line":15,"column":null}},"8":{"start":{"line":16,"column":6},"end":{"line":20,"column":null}},"9":{"start":{"line":17,"column":8},"end":{"line":17,"column":15}},"10":{"start":{"line":19,"column":8},"end":{"line":19,"column":13}},"11":{"start":{"line":21,"column":6},"end":{"line":21,"column":11}},"12":{"start":{"line":24,"column":4},"end":{"line":24,"column":11}},"13":{"start":{"line":25,"column":44},"end":{"line":25,"column":null}},"14":{"start":{"line":27,"column":32},"end":{"line":27,"column":null}},"15":{"start":{"line":29,"column":29},"end":{"line":29,"column":null}},"16":{"start":{"line":31,"column":25},"end":{"line":31,"column":null}},"17":{"start":{"line":33,"column":6},"end":{"line":33,"column":13}},"18":{"start":{"line":34,"column":8},"end":{"line":34,"column":null}},"19":{"start":{"line":38,"column":32},"end":{"line":38,"column":45}}},"fnMap":{"0":{"name":"(anonymous_0)","decl":{"start":{"line":10,"column":2},"end":{"line":10,"column":7}},"loc":{"start":{"line":10,"column":13},"end":{"line":43,"column":null}}},"1":{"name":"(anonymous_1)","decl":{"start":{"line":14,"column":25},"end":{"line":14,"column":26}},"loc":{"start":{"line":14,"column":52},"end":{"line":22,"column":null}}},"2":{"name":"(anonymous_2)","decl":{"start":{"line":24,"column":11},"end":{"line":24,"column":16}},"loc":{"start":{"line":24,"column":16},"end":{"line":42,"column":null}}},"3":{"name":"(anonymous_3)","decl":{"start":{"line":33,"column":41},"end":{"line":33,"column":42}},"loc":{"start":{"line":34,"column":8},"end":{"line":34,"column":null}}},"4":{"name":"(anonymous_4)","decl":{"start":{"line":38,"column":21},"end":{"line":38,"column":32}},"loc":{"start":{"line":38,"column":32},"end":{"line":38,"column":45}}}},"branchMap":{"0":{"loc":{"start":{"line":15,"column":49},"end":{"line":15,"column":63}},"type":"cond-expr","locations":[{"start":{"line":15,"column":49},"end":{"line":15,"column":63}},{"start":{"line":15,"column":63},"end":{"line":15,"column":null}}]},"1":{"loc":{"start":{"line":16,"column":6},"end":{"line":20,"column":null}},"type":"if","locations":[{"start":{"line":16,"column":6},"end":{"line":20,"column":null}},{"start":{"line":16,"column":6},"end":{"line":20,"column":null}}]},"2":{"loc":{"start":{"line":27,"column":50},"end":{"line":27,"column":58}},"type":"cond-expr","locations":[{"start":{"line":27,"column":50},"end":{"line":27,"column":58}},{"start":{"line":27,"column":58},"end":{"line":27,"column":null}}]},"3":{"loc":{"start":{"line":31,"column":25},"end":{"line":31,"column":46}},"type":"binary-expr","locations":[{"start":{"line":31,"column":25},"end":{"line":31,"column":46}},{"start":{"line":31,"column":46},"end":{"line":31,"column":null}}]}},"s":{"0":3,"1":3,"2":3,"3":3,"4":3,"5":0,"6":0,"7":0,"8":0,"9":0,"10":0,"11":0,"12":0,"13":0,"14":0,"15":0,"16":0,"17":0,"18":0,"19":0},"f":{"0":0,"1":0,"2":0,"3":0,"4":0},"b":{"0":[0,0],"1":[0,0],"2":[0,0],"3":[0,0]}}
,"D:/sinux_frontend/vue3-jsonschema-form/lib/fields/StringField.vue": {"path":"D:/sinux_frontend/vue3-jsonschema-form/lib/fields/StringField.vue","statementMap":{"0":{"start":{"line":7,"column":0},"end":{"line":7,"column":null}},"1":{"start":{"line":19,"column":0},"end":{"line":19,"column":7}},"2":{"start":{"line":21,"column":21},"end":{"line":24,"column":null}},"3":{"start":{"line":22,"column":2},"end":{"line":22,"column":9}},"4":{"start":{"line":23,"column":2},"end":{"line":23,"column":7}}},"fnMap":{"0":{"name":"(anonymous_1)","decl":{"start":{"line":21,"column":21},"end":{"line":21,"column":22}},"loc":{"start":{"line":21,"column":28},"end":{"line":24,"column":null}}}},"branchMap":{},"s":{"0":3,"1":3,"2":3,"3":0,"4":0},"f":{"0":0},"b":{}}
,"D:\\sinux_frontend\\vue3-jsonschema-form\\lib\\validator\\date-time-range-keyword.ts": {"path":"D:\\sinux_frontend\\vue3-jsonschema-form\\lib\\validator\\date-time-range-keyword.ts","statementMap":{"0":{"start":{"line":2,"column":0},"end":{"line":2,"column":null}},"1":{"start":{"line":4,"column":44},"end":{"line":4,"column":null}},"2":{"start":{"line":7,"column":18},"end":{"line":7,"column":null}},"3":{"start":{"line":8,"column":17},"end":{"line":8,"column":null}},"4":{"start":{"line":10,"column":21},"end":{"line":10,"column":null}},"5":{"start":{"line":10,"column":27},"end":{"line":10,"column":null}},"6":{"start":{"line":12,"column":4},"end":{"line":15,"column":null}},"7":{"start":{"line":14,"column":6},"end":{"line":14,"column":13}},"8":{"start":{"line":16,"column":29},"end":{"line":16,"column":null}},"9":{"start":{"line":17,"column":31},"end":{"line":17,"column":null}},"10":{"start":{"line":19,"column":4},"end":{"line":25,"column":null}},"11":{"start":{"line":24,"column":6},"end":{"line":24,"column":13}},"12":{"start":{"line":27,"column":4},"end":{"line":27,"column":11}},"13":{"start":{"line":28,"column":30},"end":{"line":28,"column":null}},"14":{"start":{"line":29,"column":6},"end":{"line":29,"column":13}},"15":{"start":{"line":33,"column":4},"end":{"line":33,"column":11}},"16":{"start":{"line":40,"column":48},"end":{"line":40,"column":null}},"17":{"start":{"line":43,"column":18},"end":{"line":43,"column":null}},"18":{"start":{"line":44,"column":17},"end":{"line":44,"column":null}},"19":{"start":{"line":46,"column":21},"end":{"line":46,"column":null}},"20":{"start":{"line":46,"column":27},"end":{"line":46,"column":null}},"21":{"start":{"line":48,"column":4},"end":{"line":51,"column":null}},"22":{"start":{"line":50,"column":6},"end":{"line":50,"column":13}},"23":{"start":{"line":52,"column":29},"end":{"line":52,"column":null}},"24":{"start":{"line":53,"column":31},"end":{"line":53,"column":null}},"25":{"start":{"line":55,"column":4},"end":{"line":63,"column":null}},"26":{"start":{"line":62,"column":6},"end":{"line":62,"column":13}},"27":{"start":{"line":65,"column":4},"end":{"line":65,"column":11}},"28":{"start":{"line":66,"column":30},"end":{"line":66,"column":null}},"29":{"start":{"line":67,"column":6},"end":{"line":67,"column":13}},"30":{"start":{"line":71,"column":4},"end":{"line":71,"column":11}}},"fnMap":{"0":{"name":"(anonymous_0)","decl":{"start":{"line":6,"column":2},"end":{"line":6,"column":9}},"loc":{"start":{"line":6,"column":16},"end":{"line":31,"column":null}}},"1":{"name":"(anonymous_1)","decl":{"start":{"line":10,"column":21},"end":{"line":10,"column":27}},"loc":{"start":{"line":10,"column":27},"end":{"line":10,"column":null}}},"2":{"name":"(anonymous_2)","decl":{"start":{"line":27,"column":12},"end":{"line":27,"column":20}},"loc":{"start":{"line":27,"column":20},"end":{"line":30,"column":null}}},"3":{"name":"(anonymous_3)","decl":{"start":{"line":32,"column":2},"end":{"line":32,"column":7}},"loc":{"start":{"line":32,"column":7},"end":{"line":37,"column":null}}},"4":{"name":"(anonymous_4)","decl":{"start":{"line":42,"column":2},"end":{"line":42,"column":9}},"loc":{"start":{"line":42,"column":16},"end":{"line":69,"column":null}}},"5":{"name":"(anonymous_5)","decl":{"start":{"line":46,"column":21},"end":{"line":46,"column":27}},"loc":{"start":{"line":46,"column":27},"end":{"line":46,"column":null}}},"6":{"name":"(anonymous_6)","decl":{"start":{"line":65,"column":12},"end":{"line":65,"column":20}},"loc":{"start":{"line":65,"column":20},"end":{"line":68,"column":null}}},"7":{"name":"(anonymous_7)","decl":{"start":{"line":70,"column":2},"end":{"line":70,"column":7}},"loc":{"start":{"line":70,"column":7},"end":{"line":75,"column":null}}}},"branchMap":{"0":{"loc":{"start":{"line":12,"column":4},"end":{"line":15,"column":null}},"type":"if","locations":[{"start":{"line":12,"column":4},"end":{"line":15,"column":null}},{"start":{"line":12,"column":4},"end":{"line":15,"column":null}}]},"1":{"loc":{"start":{"line":12,"column":8},"end":{"line":12,"column":28}},"type":"binary-expr","locations":[{"start":{"line":12,"column":8},"end":{"line":12,"column":28}},{"start":{"line":12,"column":28},"end":{"line":12,"column":38}}]},"2":{"loc":{"start":{"line":19,"column":4},"end":{"line":25,"column":null}},"type":"if","locations":[{"start":{"line":19,"column":4},"end":{"line":25,"column":null}},{"start":{"line":19,"column":4},"end":{"line":25,"column":null}}]},"3":{"loc":{"start":{"line":20,"column":7},"end":{"line":20,"column":32}},"type":"binary-expr","locations":[{"start":{"line":20,"column":7},"end":{"line":20,"column":32}},{"start":{"line":20,"column":32},"end":{"line":20,"column":null}},{"start":{"line":21,"column":7},"end":{"line":21,"column":32}},{"start":{"line":21,"column":32},"end":{"line":21,"column":null}}]},"4":{"loc":{"start":{"line":48,"column":4},"end":{"line":51,"column":null}},"type":"if","locations":[{"start":{"line":48,"column":4},"end":{"line":51,"column":null}},{"start":{"line":48,"column":4},"end":{"line":51,"column":null}}]},"5":{"loc":{"start":{"line":48,"column":8},"end":{"line":48,"column":28}},"type":"binary-expr","locations":[{"start":{"line":48,"column":8},"end":{"line":48,"column":28}},{"start":{"line":48,"column":28},"end":{"line":48,"column":38}}]},"6":{"loc":{"start":{"line":55,"column":4},"end":{"line":63,"column":null}},"type":"if","locations":[{"start":{"line":55,"column":4},"end":{"line":63,"column":null}},{"start":{"line":55,"column":4},"end":{"line":63,"column":null}}]},"7":{"loc":{"start":{"line":56,"column":7},"end":{"line":56,"column":32}},"type":"binary-expr","locations":[{"start":{"line":56,"column":7},"end":{"line":56,"column":32}},{"start":{"line":56,"column":32},"end":{"line":56,"column":null}},{"start":{"line":57,"column":7},"end":{"line":57,"column":null}},{"start":{"line":58,"column":8},"end":{"line":58,"column":null}},{"start":{"line":59,"column":8},"end":{"line":59,"column":null}}]}},"s":{"0":3,"1":3,"2":0,"3":0,"4":0,"5":0,"6":0,"7":0,"8":0,"9":0,"10":0,"11":0,"12":0,"13":0,"14":0,"15":0,"16":3,"17":0,"18":0,"19":0,"20":0,"21":0,"22":0,"23":0,"24":0,"25":0,"26":0,"27":0,"28":0,"29":0,"30":0},"f":{"0":0,"1":0,"2":0,"3":0,"4":0,"5":0,"6":0,"7":0},"b":{"0":[0,0],"1":[0,0],"2":[0,0],"3":[0,0,0,0],"4":[0,0],"5":[0,0],"6":[0,0],"7":[0,0,0,0,0]}}
,"D:\\sinux_frontend\\vue3-jsonschema-form\\lib\\validator\\index.ts": {"path":"D:\\sinux_frontend\\vue3-jsonschema-form\\lib\\validator\\index.ts","statementMap":{"0":{"start":{"line":1,"column":0},"end":{"line":1,"column":null}},"1":{"start":{"line":2,"column":0},"end":{"line":2,"column":null}},"2":{"start":{"line":3,"column":0},"end":{"line":3,"column":null}},"3":{"start":{"line":9,"column":0},"end":{"line":9,"column":null}},"4":{"start":{"line":11,"column":0},"end":{"line":11,"column":null}},"5":{"start":{"line":13,"column":0},"end":{"line":13,"column":null}},"6":{"start":{"line":6,"column":13},"end":{"line":6,"column":null}},"7":{"start":{"line":16,"column":13},"end":{"line":16,"column":null}},"8":{"start":{"line":17,"column":13},"end":{"line":17,"column":null}},"9":{"start":{"line":18,"column":2},"end":{"line":18,"column":9}},"10":{"start":{"line":25,"column":29},"end":{"line":25,"column":null}},"11":{"start":{"line":30,"column":18},"end":{"line":30,"column":34}},"12":{"start":{"line":31,"column":19},"end":{"line":31,"column":35}},"13":{"start":{"line":33,"column":2},"end":{"line":33,"column":9}},"14":{"start":{"line":42,"column":18},"end":{"line":42,"column":32}},"15":{"start":{"line":44,"column":58},"end":{"line":44,"column":null}},"16":{"start":{"line":46,"column":14},"end":{"line":46,"column":18}},"17":{"start":{"line":47,"column":2},"end":{"line":47,"column":12}},"18":{"start":{"line":49,"column":2},"end":{"line":49,"column":9}},"19":{"start":{"line":49,"column":44},"end":{"line":49,"column":47}},"20":{"start":{"line":50,"column":2},"end":{"line":50,"column":10}},"21":{"start":{"line":50,"column":45},"end":{"line":50,"column":48}},"22":{"start":{"line":54,"column":2},"end":{"line":54,"column":9}},"23":{"start":{"line":57,"column":24},"end":{"line":57,"column":39}},"24":{"start":{"line":60,"column":16},"end":{"line":60,"column":31}},"25":{"start":{"line":61,"column":2},"end":{"line":61,"column":9}},"26":{"start":{"line":88,"column":2},"end":{"line":90,"column":null}},"27":{"start":{"line":89,"column":4},"end":{"line":89,"column":11}},"28":{"start":{"line":91,"column":2},"end":{"line":91,"column":9}},"29":{"start":{"line":92,"column":34},"end":{"line":92,"column":null}},"30":{"start":{"line":93,"column":17},"end":{"line":93,"column":24}},"31":{"start":{"line":94,"column":17},"end":{"line":94,"column":null}},"32":{"start":{"line":98,"column":4},"end":{"line":100,"column":nul
[...]
":{"line":334,"column":15},"end":{"line":334,"column":16}},"99":{"start":{"line":338,"column":6},"end":{"line":340,"column":null}},"100":{"start":{"line":339,"column":8},"end":{"line":339,"column":15}},"101":{"start":{"line":350,"column":18},"end":{"line":350,"column":25}},"102":{"start":{"line":352,"column":6},"end":{"line":356,"column":null}},"103":{"start":{"line":353,"column":27},"end":{"line":353,"column":51}},"104":{"start":{"line":354,"column":10},"end":{"line":354,"column":24}},"105":{"start":{"line":355,"column":8},"end":{"line":355,"column":15}},"106":{"start":{"line":358,"column":6},"end":{"line":358,"column":13}}},"fnMap":{"0":{"name":"(anonymous_0)","decl":{"start":{"line":13,"column":0},"end":{"line":13,"column":null}},"loc":{"start":{"line":13,"column":0},"end":{"line":13,"column":null}}},"1":{"name":"mergeMaybeArray","decl":{"start":{"line":15,"column":9},"end":{"line":15,"column":25}},"loc":{"start":{"line":15,"column":41},"end":{"line":19,"column":null}}},"2":{"name":"mergerOptions","decl":{"start":{"line":21,"column":9},"end":{"line":21,"column":null}},"loc":{"start":{"line":23,"column":28},"end":{"line":39,"column":null}}},"3":{"name":"createInstance","decl":{"start":{"line":41,"column":16},"end":{"line":41,"column":31}},"loc":{"start":{"line":41,"column":63},"end":{"line":55,"column":null}}},"4":{"name":"(anonymous_5)","decl":{"start":{"line":49,"column":18},"end":{"line":49,"column":19}},"loc":{"start":{"line":49,"column":44},"end":{"line":49,"column":47}}},"5":{"name":"(anonymous_6)","decl":{"start":{"line":50,"column":19},"end":{"line":50,"column":20}},"loc":{"start":{"line":50,"column":45},"end":{"line":50,"column":48}}},"6":{"name":"validateData","decl":{"start":{"line":59,"column":16},"end":{"line":59,"column":29}},"loc":{"start":{"line":59,"column":51},"end":{"line":65,"column":null}}},"7":{"name":"toErrorSchema","decl":{"start":{"line":72,"column":9},"end":{"line":72,"column":23}},"loc":{"start":{"line":72,"column":52},"end":{"line":121,"column":null}}},"8":{"name":"(anonymous_9)","decl":{"start":{"line":91,"column":23},"end":{"line":91,"column":24}},"loc":{"start":{"line":91,"column":46},"end":{"line":120,"column":5}}},"9":{"name":"transformAjvErrors","decl":{"start":{"line":136,"column":9},"end":{"line":136,"column":null}},"loc":{"start":{"line":137,"column":51},"end":{"line":157,"column":null}}},"10":{"name":"(anonymous_11)","decl":{"start":{"line":143,"column":21},"end":{"line":143,"column":26}},"loc":{"start":{"line":143,"column":26},"end":{"line":156,"column":null}}},"11":{"name":"validateFormData","decl":{"start":{"line":164,"column":16},"end":{"line":164,"column":null}},"loc":{"start":{"line":170,"column":76},"end":{"line":269,"column":null}}},"12":{"name":"toErrorList","decl":{"start":{"line":271,"column":16},"end":{"line":271,"column":28}},"loc":{"start":{"line":271,"column":72},"end":{"line":289,"column":null}}},"13":{"name":"(anonymous_14)","decl":{"start":{"line":276,"column":33},"end":{"line":276,"column":42}},"loc":{"start":{"line":276,"column":42},"end":{"line":280,"column":null}}},"14":{"name":"(anonymous_15)","decl":{"start":{"line":283,"column":41},"end":{"line":283,"column":42}},"loc":{"start":{"line":283,"column":54},"end":{"line":288,"column":5}}},"15":{"name":"mergeObjects","decl":{"start":{"line":291,"column":16},"end":{"line":291,"column":29}},"loc":{"start":{"line":291,"column":72},"end":{"line":306,"column":null}}},"16":{"name":"(anonymous_17)","decl":{"start":{"line":294,"column":34},"end":{"line":294,"column":35}},"loc":{"start":{"line":294,"column":47},"end":{"line":305,"column":5}}},"17":{"name":"toRaw","decl":{"start":{"line":323,"column":9},"end":{"line":323,"column":15}},"loc":{"start":{"line":323,"column":21},"end":{"line":325,"column":null}}},"18":{"name":"createErrorHandlerProxy","decl":{"start":{"line":327,"column":9},"end":{"line":327,"column":33}},"loc":{"start":{"line":327,"column":49},"end":{"line":361,"column":null}}},"19":{"name":"(anonymous_20)","decl":{"start":{"line":329,"column":4},"end":{"line":329,"column":7}},"loc":{"start":{"line":329,"column":29},"end":{"line":359,"column":null}}},"20":{"name":"(anonymous_21)","decl":{"start":{"line":331,"column":16},"end":{"line":331,"column":35}},"loc":{"start":{"line":331,"column":35},"end":{"line":335,"column":null}}}},"branchMap":{"0":{"loc":{"start":{"line":13,"column":0},"end":{"line":13,"column":null}},"type":"if","locations":[{"start":{"line":13,"column":0},"end":{"line":13,"column":null}},{"start":{"line":13,"column":0},"end":{"line":13,"column":null}}]},"1":{"loc":{"start":{"line":16,"column":19},"end":{"line":16,"column":45}},"type":"cond-expr","locations":[{"start":{"line":16,"column":19},"end":{"line":16,"column":45}},{"start":{"line":16,"column":52},"end":{"line":16,"column":null}}]},"2":{"loc":{"start":{"line":16,"column":39},"end":{"line":16,"column":44}},"type":"cond-expr","locations":[{"start":{"line":16,"column":39},"end":{"line":16,"column":44}},{"start":{"line":16,"column":44},"end":{"line":16,"column":45}}]},"3":{"loc":{"start":{"line":17,"column":19},"end":{"line":17,"column":45}},"type":"cond-expr","locations":[{"start":{"line":17,"column":19},"end":{"line":17,"column":45}},{"start":{"line":17,"column":52},"end":{"line":17,"column":null}}]},"4":{"loc":{"start":{"line":17,"column":39},"end":{"line":17,"column":44}},"type":"cond-expr","locations":[{"start":{"line":17,"column":39},"end":{"line":17,"column":44}},{"start":{"line":17,"column":44},"end":{"line":17,"column":45}}]},"5":{"loc":{"start":{"line":41,"column":61},"end":{"line":41,"column":63}},"type":"default-arg","locations":[{"start":{"line":41,"column":61},"end":{"line":41,"column":63}}]},"6":{"loc":{"start":{"line":88,"column":2},"end":{"line":90,"column":null}},"type":"if","locations":[{"start":{"line":88,"column":2},"end":{"line":90,"column":null}},{"start":{"line":88,"column":2},"end":{"line":90,"column":null}}]},"7":{"loc":{"start":{"line":98,"column":4},"end":{"line":100,"column":null}},"type":"if","locations":[{"start":{"line":98,"column":4},"end":{"line":100,"column":null}},{"start":{"line":98,"column":4},"end":{"line":100,"column":null}}]},"8":{"loc":{"start":{"line":98,"column":8},"end":{"line":98,"column":27}},"type":"binary-expr","locations":[{"start":{"line":98,"column":8},"end":{"line":98,"column":27}},{"start":{"line":98,"column":27},"end":{"line":98,"column":43}}]},"9":{"loc":{"start":{"line":103,"column":6},"end":{"line":105,"column":null}},"type":"if","locations":[{"start":{"line":103,"column":6},"end":{"line":105,"column":null}},{"start":{"line":103,"column":6},"end":{"line":105,"column":null}}]},"10":{"loc":{"start":{"line":109,"column":4},"end":{"line":118,"column":null}},"type":"if","locations":[{"start":{"line":109,"column":4},"end":{"line":118,"column":null}},{"start":{"line":109,"column":4},"end":{"line":118,"column":null}}]},"11":{"loc":{"start":{"line":113,"column":47},"end":{"line":113,"column":54}},"type":"binary-expr","locations":[{"start":{"line":113,"column":47},"end":{"line":113,"column":54}},{"start":{"line":113,"column":58},"end":{"line":113,"column":null}}]},"12":{"loc":{"start":{"line":115,"column":6},"end":{"line":117,"column":null}},"type":"if","locations":[{"start":{"line":115,"column":6},"end":{"line":117,"column":null}},{"start":{"line":115,"column":6},"end":{"line":117,"column":null}}]},"13":{"loc":{"start":{"line":137,"column":49},"end":{"line":137,"column":51}},"type":"default-arg","locations":[{"start":{"line":137,"column":49},"end":{"line":137,"column":51}}]},"14":{"loc":{"start":{"line":139,"column":2},"end":{"line":141,"column":null}},"type":"if","locations":[{"start":{"line":139,"column":2},"end":{"line":141,"column":null}},{"start":{"line":139,"column":2},"end":{"line":141,"column":null}}]},"15":{"loc":{"start":{"line":139,"column":6},"end":{"line":139,"column":25}},"type":"binary-expr","locations":[{"start":{"line":139,"column":6},"end":{"line":139,"column":25}},{"start":{"line":139,"column":25},"end":{"line":139,"column":47}}]},"16":{"loc":{"start":{"line":220,"column":4},"end":{"line":220,"column":19}},"type":"binary-expr","locations":[{"start":{"line":220,"column":4},"end":{"line":220,"column":19}},{"start":{"line":221,"column":4},"end":{"line":221,"column":null}},{"start":{"line":222,"column":4},"end":{"line":222,"column":null}},{"start":{"line":223,"column":4},"end":{"line":223,"column":19}}]},"17":{"loc":{"start":{"line":225,"column":2},"end":{"line":232,"column":null}},"type":"if","locations":[{"start":{"line":225,"column":2},"end":{"line":232,"column":null}},{"start":{"line":225,"column":2},"end":{"line":232,"column":null}}]},"18":{"loc":{"start":{"line":233,"column":2},"end":{"line":235,"column":null}},"type":"if","locations":[{"start":{"line":233,"column":2},"end":{"line":235,"column":null}},{"start":{"line":233,"column":2},"end":{"line":235,"column":null}}]},"19":{"loc":{"start":{"line":239,"column":2},"end":{"line":248,"column":null}},"type":"if","locations":[{"start":{"line":239,"column":2},"end":{"line":248,"column":null}},{"start":{"line":239,"column":2},"end":{"line":248,"column":null}}]},"20":{"loc":{"start":{"line":250,"column":2},"end":{"line":252,"column":null}},"type":"if","locations":[{"start":{"line":250,"column":2},"end":{"line":252,"column":null}},{"start":{"line":250,"column":2},"end":{"line":252,"column":null}}]},"21":{"loc":{"start":{"line":271,"column":66},"end":{"line":271,"column":72}},"type":"default-arg","locations":[{"start":{"line":271,"column":66},"end":{"line":271,"column":72}}]},"22":{"loc":{"start":{"line":274,"column":2},"end":{"line":282,"column":null}},"type":"if","locations":[{"start":{"line":274,"column":2},"end":{"line":282,"column":null}},{"start":{"line":274,"column":2},"end":{"line":282,"column":null}}]},"23":{"loc":{"start":{"line":284,"column":4},"end":{"line":286,"column":null}},"type":"if","locations":[{"start":{"line":284,"column":4},"end":{"line":286,"column":null}},{"start":{"line":284,"column":4},"end":{"line":286,"column":null}}]},"24":{"loc":{"start":{"line":295,"column":24},"end":{"line":295,"column":29}},"type":"cond-expr","locations":[{"start":{"line":295,"column":24},"end":{"line":295,"column":29}},{"start":{"line":295,"column":36},"end":{"line":295,"column":null}}]},"25":{"loc":{"start":{"line":297,"column":4},"end":{"line":303,"column":null}},"type":"if","locations":[{"start":{"line":297,"column":4},"end":{"line":303,"column":null}},{"start":{"line":297,"column":4},"end":{"line":303,"column":null}}]},"26":{"loc":{"start":{"line":297,"column":8},"end":{"line":297,"column":12}},"type":"binary-expr","locations":[{"start":{"line":297,"column":8},"end":{"line":297,"column":12}},{"start":{"line":297,"column":16},"end":{"line":297,"column":20}},{"start":{"line":297,"column":44},"end":{"line":297,"column":53}}]},"27":{"loc":{"start":{"line":299,"column":11},"end":{"line":303,"column":null}},"type":"if","locations":[{"start":{"line":299,"column":11},"end":{"line":303,"column":null}},{"start":{"line":299,"column":11},"end":{"line":303,"column":null}}]},"28":{"loc":{"start":{"line":299,"column":15},"end":{"line":299,"column":27}},"type":"binary-expr","locations":[{"start":{"line":299,"column":15},"end":{"line":299,"column":27}},{"start":{"line":299,"column":31},"end":{"line":299,"column":36}},{"start":{"line":299,"column":54},"end":{"line":299,"column":59}}]},"29":{"loc":{"start":{"line":327,"column":47},"end":{"line":327,"column":49}},"type":"default-arg","locations":[{"start":{"line":327,"column":47},"end":{"line":327,"column":49}}]},"30":{"loc":{"start":{"line":330,"column":6},"end":{"line":336,"column":null}},"type":"if","locations":[{"start":{"line":330,"column":6},"end":{"line":336,"column":null}},{"start":{"line":330,"column":6},"end":{"line":336,"column":null}}]},"31":{"loc":{"start":{"line":333,"column":10},"end":{"line":334,"column":16}},"type":"if","locations":[{"start":{"line":333,"column":10},"end":{"line":334,"column":16}},{"start":{"line":333,"column":10},"end":{"line":334,"column":16}}]},"32":{"loc":{"start":{"line":338,"column":6},"end":{"line":340,"column":null}},"type":"if","locations":[{"start":{"line":338,"column":6},"end":{"line":340,"column":null}},{"start":{"line":338,"column":6},"end":{"line":340,"column":null}}]},"33":{"loc":{"start":{"line":352,"column":6},"end":{"line":356,"column":null}},"type":"if","locations":[{"start":{"line":352,"column":6},"end":{"line":356,"column":null}},{"start":{"line":352,"column":6},"end":{"line":356,"column":null}}]}},"s":{"0":3,"1":3,"2":3,"3":3,"4":3,"5":6,"6":3,"7":6,"8":6,"9":6,"10":3,"11":3,"12":3,"13":3,"14":3,"15":3,"16":3,"17":3,"18":3,"19":3,"20":3,"21":9,"22":3,"23":3,"24":0,"25":0,"26":0,"27":0,"28":0,"29":0,"30":0,"31":0,"32":0,"33":0,"34":0,"35":0,"36":0,"37":0,"38":0,"39":0,"40":0,"41":0,"42":0,"43":0,"44":0,"45":0,"46":0,"47":0,"48":0,"49":0,"50":0,"51":0,"52":0,"53":0,"54":0,"55":0,"56":0,"57":0,"58":0,"59":0,"60":0,"61":0,"62":0,"63":0,"64":0,"65":0,"66":0,"67":0,"68":0,"69":0,"70":0,"71":0,"72":0,"73":0,"74":0,"75":0,"76":0,"77":0,"78":0,"79":0,"80":0,"81":0,"82":0,"83":0,"84":0,"85":0,"86":0,"87":0,"88":0,"89":0,"90":0,"91":0,"92":0,"93":0,"94":0,"95":0,"96":0,"97":0,"98":0,"99":0,"100":0,"101":0,"102":0,"103":0,"104":0,"105":0,"106":0},"f":{"0":0,"1":6,"2":3,"3":3,"4":3,"5":9,"6":0,"7":0,"8":0,"9":0,"10":0,"11":0,"12":0,"13":0,"14":0,"15":0,"16":0,"17":0,"18":0,"19":0,"20":0},"b":{"0":[0,0],"1":[6,0],"2":[6,0],"3":[0,6],"4":[0,0],"5":[0],"6":[0,0],"7":[0,0],"8":[0,0],"9":[0,0],"10":[0,0],"11":[0,0],"12":[0,0],"13":[0],"14":[0,0],"15":[0,0],"16":[0,0,0,0],"17":[0,0],"18":[0,0],"19":[0,0],"20":[0,0],"21":[0],"22":[0,0],"23":[0,0],"24":[0,0],"25":[0,0],"26":[0,0,0],"27":[0,0],"28":[0,0,0],"29":[0],"30":[0,0],"31":[0,0],"32":[0,0],"33":[0,0]}}
,"D:\\sinux_frontend\\vue3-jsonschema-form\\lib\\validator\\instance-default-options.ts": {"path":"D:\\sinux_frontend\\vue3-jsonschema-form\\lib\\validator\\instance-default-options.ts","statementMap":{"0":{"start":{"line":2,"column":0},"end":{"line":2,"column":null}},"1":{"start":{"line":7,"column":18},"end":{"line":7,"column":null}},"2":{"start":{"line":11,"column":46},"end":{"line":11,"column":null}},"3":{"start":{"line":19,"column":25},"end":{"line":19,"column":46}},"4":{"start":{"line":41,"column":25},"end":{"line":41,"column":28}},"5":{"start":{"line":42,"column":54},"end":{"line":42,"column":null}},"6":{"start":{"line":46,"column":10},"end":{"line":46,"column":17}},"7":{"start":{"line":47,"column":25},"end":{"line":47,"column":null}},"8":{"start":{"line":49,"column":12},"end":{"line":60,"column":null}},"9":{"start":{"line":50,"column":31},"end":{"line":50,"column":null}},"10":{"start":{"line":51,"column":29},"end":{"line":51,"column":null}},"11":{"start":{"line":52,"column":14},"end":{"line":52,"column":20}},"12":{"start":{"line":59,"column":14},"end":{"line":59,"column":17}},"13":{"start":{"line":62,"column":12},"end":{"line":62,"column":19}},"14":{"start":{"line":91,"column":15},"end":{"line":91,"column":null}}},"fnMap":{"0":{"name":"(anonymous_0)","decl":{"start":{"line":19,"column":19},"end":{"line":19,"column":25}},"loc":{"start":{"line":19,"column":25},"end":{"line":19,"column":46}}},"1":{"name":"(anonymous_1)","decl":{"start":{"line":40,"column":18},"end":{"line":40,"column":25}},"loc":{"start":{"line":40,"column":25},"end":{"line":64,"column":null}}},"2":{"name":"(anonymous_2)","decl":{"start":{"line":42,"column":13},"end":{"line":42,"column":54}},"loc":{"start":{"line":42,"column":54},"end":{"line":42,"column":null}}},"3":{"name":"doValidate","decl":{"start":{"line":46,"column":26},"end":{"line":46,"column":37}},"loc":{"start":{"line":46,"column":41},"end":{"line":63,"column":null}}}},"branchMap":{"0":{"loc":{"start":{"line":19,"column":25},"end":{"line":19,"column":37}},"type":"binary-expr","locations":[{"start":{"line":19,"column":25},"end":{"line":19,"column":37}},{"start":{"line":19,"column":37},"end":{"line":19,"column":46}}]},"1":{"loc":{"start":{"line":49,"column":12},"end":{"line":60,"column":null}},"type":"if","locations":[{"start":{"line":49,"column":12},"end":{"line":60,"column":null}},{"start":{"line":49,"column":12},"end":{"line":60,"column":null}}]},"2":{"loc":{"start":{"line":51,"column":29},"end":{"line":51,"column":43}},"type":"binary-expr","locations":[{"start":{"line":51,"column":29},"end":{"line":51,"column":43}},{"start":{"line":51,"column":43},"end":{"line":51,"column":null}}]}},"s":{"0":3,"1":3,"2":3,"3":0,"4":0,"5":0,"6":0,"7":0,"8":0,"9":0,"10":0,"11":0,"12":0,"13":0,"14":3},"f":{"0":0,"1":0,"2":0,"3":0},"b":{"0":[0,0],"1":[0,0],"2":[0,0]}}
,"D:\\sinux_frontend\\vue3-jsonschema-form\\lib\\widgets\\Selection.tsx": {"path":"D:\\sinux_frontend\\vue3-jsonschema-form\\lib\\widgets\\Selection.tsx","statementMap":{"0":{"start":{"line":1,"column":0},"end":{"line":1,"column":null}},"1":{"start":{"line":3,"column":15},"end":{"line":3,"column":31}},"2":{"start":{"line":17,"column":28},"end":{"line":17,"column":32}},"3":{"start":{"line":20,"column":4},"end":{"line":20,"column":10}},"4":{"start":{"line":21,"column":6},"end":{"line":23,"column":null}},"5":{"start":{"line":22,"column":8},"end":{"line":22,"column":13}},"6":{"start":{"line":27,"column":4},"end":{"line":27,"column":null}},"7":{"start":{"line":28,"column":12},"end":{"line":28,"column":null}},"8":{"start":{"line":30,"column":8},"end":{"line":32,"column":null}},"9":{"start":{"line":31,"column":10},"end":{"line":31,"column":25}},"10":{"start":{"line":36,"column":4},"end":{"line":36,"column":16}},"11":{"start":{"line":37,"column":6},"end":{"line":37,"column":13}},"12":{"start":{"line":40,"column":4},"end":{"line":40,"column":11}},"13":{"start":{"line":41,"column":26},"end":{"line":41,"column":null}},"14":{"start":{"line":42,"column":6},"end":{"line":42,"column":null}},"15":{"start":{"line":43,"column":41},"end":{"line":43,"column":26}},"16":{"start":{"line":45,"column":12},"end":{"line":45,"column":27}}},"fnMap":{"0":{"name":"(anonymous_0)","decl":{"start":{"line":16,"column":2},"end":{"line":16,"column":7}},"loc":{"start":{"line":16,"column":13},"end":{"line":52,"column":null}}},"1":{"name":"(anonymous_1)","decl":{"start":{"line":20,"column":27},"end":{"line":20,"column":28}},"loc":{"start":{"line":20,"column":42},"end":{"line":24,"column":null}}},"2":{"name":"(anonymous_2)","decl":{"start":{"line":28,"column":6},"end":{"line":28,"column":12}},"loc":{"start":{"line":28,"column":12},"end":{"line":28,"column":null}}},"3":{"name":"(anonymous_3)","decl":{"start":{"line":29,"column":7},"end":{"line":29,"column":17}},"loc":{"start":{"line":29,"column":17},"end":{"line":33,"column":null}}},"4":{"name":"(anonymous_4)","decl":{"start":{"line":36,"column":16},"end":{"line":36,"column":21}},"loc":{"start":{"line":36,"column":21},"end":{"line":38,"column":null}}},"5":{"name":"(anonymous_5)","decl":{"start":{"line":40,"column":11},"end":{"line":40,"column":16}},"loc":{"start":{"line":40,"column":16},"end":{"line":51,"column":null}}},"6":{"name":"(anonymous_6)","decl":{"start":{"line":43,"column":8},"end":{"line":43,"column":26}},"loc":{"start":{"line":43,"column":41},"end":{"line":43,"column":26}}},"7":{"name":"(anonymous_7)","decl":{"start":{"line":44,"column":23},"end":{"line":44,"column":24}},"loc":{"start":{"line":45,"column":12},"end":{"line":45,"column":27}}}},"branchMap":{"0":{"loc":{"start":{"line":21,"column":6},"end":{"line":23,"column":null}},"type":"if","locations":[{"start":{"line":21,"column":6},"end":{"line":23,"column":null}},{"start":{"line":21,"column":6},"end":{"line":23,"column":null}}]},"1":{"loc":{"start":{"line":30,"column":8},"end":{"line":32,"column":null}},"type":"if","locations":[{"start":{"line":30,"column":8},"end":{"line":32,"column":null}},{"start":{"line":30,"column":8},"end":{"line":32,"column":null}}]}},"s":{"0":3,"1":3,"2":1,"3":1,"4":0,"5":0,"6":1,"7":1,"8":0,"9":0,"10":1,"11":1,"12":1,"13":1,"14":1,"15":0,"16":3},"f":{"0":1,"1":0,"2":1,"3":0,"4":1,"5":1,"6":0,"7":3},"b":{"0":[0,0],"1":[0,0]}}
}
