TN:
SF:D:\sinux_frontend\vue3-jsonschema-form\lib\SchemaForm.tsx
FN:24,(anonymous_0)
FN:27,(anonymous_1)
FN:37,(anonymous_2)
FNF:3
FNH:2
FNDA:3,(anonymous_0)
FNDA:0,(anonymous_1)
FNDA:3,(anonymous_2)
DA:1,3
DA:5,3
DA:6,3
DA:9,3
DA:25,3
DA:27,3
DA:28,0
DA:31,3
DA:35,3
DA:37,3
DA:38,3
DA:39,3
LF:12
LH:11
BRF:0
BRH:0
end_of_record
TN:
SF:D:\sinux_frontend\vue3-jsonschema-form\lib\SchemaItem.tsx
FN:19,(anonymous_0)
FN:20,(anonymous_1)
FN:25,(anonymous_2)
FNF:3
FNH:3
FNDA:7,(anonymous_0)
FNDA:7,(anonymous_1)
FNDA:7,(anonymous_2)
DA:1,3
DA:2,3
DA:5,3
DA:7,3
DA:8,3
DA:9,3
DA:12,3
DA:15,3
DA:20,7
DA:21,7
DA:23,7
DA:25,7
DA:26,7
DA:28,7
DA:29,7
DA:32,7
DA:34,3
DA:35,3
DA:37,1
DA:38,1
DA:40,0
DA:41,0
DA:43,3
DA:44,3
DA:46,0
DA:48,7
LF:26
LH:23
BRDA:33,0,0,3
BRDA:33,0,1,1
BRDA:33,0,2,0
BRDA:33,0,3,3
BRDA:33,0,4,0
BRF:5
BRH:3
end_of_record
TN:
SF:D:\sinux_frontend\vue3-jsonschema-form\lib\context.ts
FN:7,(anonymous_0)
FNF:1
FNH:1
FNDA:3,(anonymous_0)
DA:1,3
DA:4,3
DA:7,3
DA:8,3
DA:12,3
DA:13,0
DA:15,3
LF:7
LH:6
BRDA:12,0,0,0
BRDA:12,0,1,3
BRF:2
BRH:1
end_of_record
TN:
SF:D:\sinux_frontend\vue3-jsonschema-form\lib\index.ts
FNF:0
FNH:0
DA:1,3
DA:3,3
DA:4,3
DA:5,3
DA:6,3
DA:8,3
LF:6
LH:6
BRF:0
BRH:0
end_of_record
TN:
SF:D:\sinux_frontend\vue3-jsonschema-form\lib\types.ts
FN:17,(anonymous_0)
FNF:1
FNH:1
FNDA:3,(anonymous_0)
DA:17,3
DA:18,3
DA:19,3
DA:20,3
DA:21,3
DA:22,3
DA:23,3
DA:52,3
DA:57,3
DA:210,3
DA:252,3
DA:273,3
DA:288,3
LF:13
LH:13
BRDA:17,0,0,3
BRDA:17,0,1,3
BRF:2
BRH:2
end_of_record
TN:
SF:D:\sinux_frontend\vue3-jsonschema-form\lib\utils.ts
FN:12,optionsList
FN:14,(anonymous_1)
FN:31,resolveSchema
FN:40,(anonymous_3)
FN:50,retrieveSchema
FN:90,stubExistingAdditionalProperties
FN:101,(anonymous_6)
FN:142,resolveReference
FN:155,findSchemaDefinition
FN:174,resolveDependencies
FN:194,processDependencies
FN:238,withDependentProperties
FN:248,withDependentSchema
FN:269,(anonymous_13)
FN:283,withExactlyOneSubschema
FN:290,(anonymous_15)
FN:332,mergeSchemas
FN:334,(anonymous_17)
FN:357,getVJSFConfig
FN:365,isObject
FN:369,isEmptyObject
FN:373,hasOwnProperty
FN:382,getSchemaType
FN:399,(anonymous_23)
FN:431,guessType
FN:449,isConstant
FN:456,isSelect
FN:462,(anonymous_27)
FN:467,isMultiSelect
FN:475,getMatchingOption
FN:494,(anonymous_30)
FN:534,mergeDefaultsWithFormData
FN:539,(anonymous_32)
FN:547,(anonymous_33)
FN:559,getDefaultFormState
FNF:35
FNH:4
FNDA:0,optionsList
FNDA:0,(anonymous_1)
FNDA:7,resolveSchema
FNDA:0,(anonymous_3)
FNDA:7,retrieveSchema
FNDA:0,stubExistingAdditionalProperties
FNDA:0,(anonymous_6)
FNDA:0,resolveReference
FNDA:0,findSchemaDefinition
FNDA:0,resolveDependencies
FNDA:0,processDependencies
FNDA:0,withDependentProperties
FNDA:0,withDependentSchema
FNDA:0,(anonymous_13)
FNDA:0,withExactlyOneSubschema
FNDA:0,(anonymous_15)
FNDA:0,mergeSchemas
FNDA:0,(anonymous_17)
FNDA:0,getVJSFConfig
FNDA:7,isObject
FNDA:0,isEmptyObject
FNDA:21,hasOwnProperty
FNDA:0,getSchemaType
FNDA:0,(anonymous_23)
FNDA:0,guessType
FNDA:0,isConstant
FNDA:0,isSelect
FNDA:0,(anonymous_27)
FNDA:0,isMultiSelect
FNDA:0,getMatchingOption
FNDA:0,(anonymous_30)
FNDA:0,mergeDefaultsWithFormData
FNDA:0,(anonymous_32)
FNDA:0,(anonymous_33)
FNDA:0,getDefaultFormState
DA:3,3
DA:4,3
DA:5,3
DA:8,3
DA:13,0
DA:14,0
DA:15,0
DA:16,0
DA:19,0
DA:32,7
DA:33,0
DA:34,7
DA:35,0
DA:36,0
DA:37,7
DA:38,0
DA:41,0
DA:46,7
DA:55,7
DA:56,0
DA:58,7
DA:61,7
DA:62,0
DA:63,0
DA:69,0
DA:70,0
DA:71,0
DA:75,7
DA:77,7
DA:79,0
DA:85,7
DA:88,3
DA:96,0
DA:101,0
DA:102,0
DA:104,0
DA:108,0
DA:109,0
DA:114,0
DA:115,0
DA:117,0
DA:121,0
DA:123,0
DA:126,0
DA:148,0
DA:150,0
DA:152,0
DA:156,0
DA:157,0
DA:159,0
DA:161,0
DA:163,0
DA:164,0
DA:165,0
DA:167,0
DA:169,0
DA:171,0
DA:180,0
DA:181,0
DA:182,0
DA:186,0
DA:187,0
DA:192,0
DA:201,0
DA:203,0
DA:204,0
DA:207,0
DA:211,0
DA:216,0
DA:217,0
DA:218,0
DA:219,0
DA:220,0
DA:228,0
DA:235,0
DA:239,0
DA:240,0
DA:242,0
DA:245,0
DA:256,0
DA:261,0
DA:263,0
DA:264,0
DA:265,0
DA:266,0
DA:269,0
DA:270,0
DA:274,0
DA:290,0
DA:291,0
DA:292,0
DA:294,0
DA:295,0
DA:296,0
DA:303,0
DA:304,0
DA:307,0
DA:308,0
DA:311,0
DA:314,0
DA:318,0
DA:319,0
DA:320,0
DA:333,0
DA:334,0
DA:335,0
DA:336,0
DA:337,0
DA:338,0
DA:339,0
DA:349,0
DA:351,0
DA:353,0
DA:361,0
DA:362,0
DA:366,7
DA:370,0
DA:378,21
DA:383,0
DA:385,0
DA:386,0
DA:389,0
DA:390,0
DA:393,0
DA:394,0
DA:397,0
DA:398,0
DA:399,0
DA:402,0
DA:431,3
DA:432,0
DA:433,0
DA:434,0
DA:435,0
DA:436,0
DA:437,0
DA:438,0
DA:439,0
DA:440,0
DA:441,0
DA:442,0
DA:443,0
DA:446,0
DA:450,0
DA:457,0
DA:458,0
DA:459,0
DA:460,0
DA:461,0
DA:462,0
DA:464,0
DA:468,0
DA:469,0
DA:471,0
DA:480,0
DA:481,0
DA:490,0
DA:493,0
DA:494,0
DA:502,0
DA:504,0
DA:506,0
DA:507,0
DA:510,0
DA:513,0
DA:515,0
DA:517,0
DA:522,0
DA:524,0
DA:525,0
DA:527,0
DA:528,0
DA:531,0
DA:535,0
DA:536,0
DA:537,0
DA:539,0
DA:540,0
DA:541,0
DA:543,0
DA:545,0
DA:546,0
DA:547,0
DA:548,0
DA:552,0
DA:555,0
DA:565,0
DA:566,0
DA:569,0
DA:578,0
DA:580,0
DA:582,0
DA:583,0
DA:585,0
DA:586,0
DA:588,0
LF:196
LH:18
BRDA:13,0,0,0
BRDA:13,0,1,0
BRDA:15,1,0,0
BRDA:15,1,1,0
BRDA:15,1,2,0
BRDA:31,2,0,0
BRDA:31,3,0,0
BRDA:32,4,0,0
BRDA:32,4,1,7
BRDA:34,5,0,0
BRDA:34,5,1,7
BRDA:37,6,0,0
BRDA:37,6,1,7
BRDA:37,7,0,7
BRDA:37,7,1,0
BRDA:52,8,0,0
BRDA:53,9,0,2
BRDA:55,10,0,0
BRDA:55,10,1,7
BRDA:61,11,0,0
BRDA:61,11,1,7
BRDA:75,12,0,7
BRDA:75,12,1,0
BRDA:77,13,0,0
BRDA:77,13,1,7
BRDA:92,14,0,0
BRDA:93,15,0,0
BRDA:102,16,0,0
BRDA:102,16,1,0
BRDA:108,17,0,0
BRDA:108,17,1,0
BRDA:114,18,0,0
BRDA:114,18,1,0
BRDA:155,19,0,0
BRDA:157,20,0,0
BRDA:157,20,1,0
BRDA:164,21,0,0
BRDA:164,21,1,0
BRDA:167,22,0,0
BRDA:167,22,1,0
BRDA:180,23,0,0
BRDA:181,24,0,0
BRDA:181,24,1,0
BRDA:186,25,0,0
BRDA:186,25,1,0
BRDA:203,26,0,0
BRDA:203,26,1,0
BRDA:207,27,0,0
BRDA:207,27,1,0
BRDA:208,28,0,0
BRDA:208,28,1,0
BRDA:217,29,0,0
BRDA:217,29,1,0
BRDA:219,30,0,0
BRDA:219,30,1,0
BRDA:239,31,0,0
BRDA:239,31,1,0
BRDA:243,32,0,0
BRDA:243,32,1,0
BRDA:263,33,0,0
BRDA:263,33,1,0
BRDA:265,34,0,0
BRDA:265,34,1,0
BRDA:271,35,0,0
BRDA:271,35,1,0
BRDA:291,36,0,0
BRDA:291,36,1,0
BRDA:295,37,0,0
BRDA:295,37,1,0
BRDA:304,38,0,0
BRDA:304,38,1,0
BRDA:307,39,0,0
BRDA:307,39,1,0
BRDA:335,40,0,0
BRDA:335,40,1,0
BRDA:337,41,0,0
BRDA:337,41,1,0
BRDA:337,42,0,0
BRDA:337,42,1,0
BRDA:337,42,2,0
BRDA:339,43,0,0
BRDA:339,43,1,0
BRDA:340,44,0,0
BRDA:340,44,1,0
BRDA:340,44,2,0
BRDA:340,44,3,0
BRDA:340,44,4,0
BRDA:340,44,5,0
BRDA:340,44,6,0
BRDA:361,45,0,0
BRDA:361,45,1,0
BRDA:362,46,0,0
BRDA:362,46,1,0
BRDA:366,47,0,7
BRDA:366,47,1,7
BRDA:366,47,2,7
BRDA:370,48,0,0
BRDA:370,48,1,0
BRDA:385,49,0,0
BRDA:385,49,1,0
BRDA:385,50,0,0
BRDA:385,50,1,0
BRDA:389,51,0,0
BRDA:389,51,1,0
BRDA:389,52,0,0
BRDA:389,52,1,0
BRDA:393,53,0,0
BRDA:393,53,1,0
BRDA:393,54,0,0
BRDA:393,54,1,0
BRDA:393,54,2,0
BRDA:398,55,0,0
BRDA:398,55,1,0
BRDA:398,56,0,0
BRDA:398,56,1,0
BRDA:398,56,2,0
BRDA:432,57,0,0
BRDA:432,57,1,0
BRDA:434,58,0,0
BRDA:434,58,1,0
BRDA:436,59,0,0
BRDA:436,59,1,0
BRDA:438,60,0,0
BRDA:438,60,1,0
BRDA:440,61,0,0
BRDA:440,61,1,0
BRDA:442,62,0,0
BRDA:442,62,1,0
BRDA:451,63,0,0
BRDA:451,63,1,0
BRDA:451,63,2,0
BRDA:456,64,0,0
BRDA:458,65,0,0
BRDA:458,65,1,0
BRDA:459,66,0,0
BRDA:459,66,1,0
BRDA:461,67,0,0
BRDA:461,67,1,0
BRDA:467,68,0,0
BRDA:468,69,0,0
BRDA:468,69,1,0
BRDA:468,70,0,0
BRDA:468,70,1,0
BRDA:490,71,0,0
BRDA:490,71,1,0
BRDA:502,72,0,0
BRDA:502,72,1,0
BRDA:506,73,0,0
BRDA:506,73,1,0
BRDA:524,74,0,0
BRDA:524,74,1,0
BRDA:527,75,0,0
BRDA:527,75,1,0
BRDA:535,76,0,0
BRDA:535,76,1,0
BRDA:536,77,0,0
BRDA:536,77,1,0
BRDA:540,78,0,0
BRDA:540,78,1,0
BRDA:545,79,0,0
BRDA:545,79,1,0
BRDA:549,80,0,0
BRDA:549,80,1,0
BRDA:565,81,0,0
BRDA:565,81,1,0
BRDA:578,82,0,0
BRDA:578,82,1,0
BRDA:582,83,0,0
BRDA:582,83,1,0
BRDA:582,84,0,0
BRDA:582,84,1,0
BRDA:585,85,0,0
BRDA:585,85,1,0
BRDA:585,86,0,0
BRDA:585,86,1,0
BRDA:585,86,2,0
BRDA:588,87,0,0
BRDA:588,87,1,0
BRF:178
BRH:12
end_of_record
TN:
SF:D:\sinux_frontend\vue3-jsonschema-form\lib\fields\ArrayField.tsx
FN:53,(anonymous_1)
FN:56,(anonymous_2)
FN:57,(anonymous_3)
FN:58,(anonymous_4)
FN:59,(anonymous_5)
FN:61,(anonymous_6)
FN:107,(anonymous_7)
FN:110,(anonymous_8)
FN:118,(anonymous_9)
FN:127,(anonymous_10)
FN:135,(anonymous_11)
FN:146,(anonymous_12)
FN:157,(anonymous_13)
FN:168,(anonymous_14)
FN:175,(anonymous_15)
FN:181,(anonymous_16)
FN:195,(anonymous_17)
FN:183,(anonymous_18)
FN:202,(anonymous_19)
FNF:19
FNH:8
FNDA:2,(anonymous_1)
FNDA:0,(anonymous_2)
FNDA:0,(anonymous_3)
FNDA:0,(anonymous_4)
FNDA:0,(anonymous_5)
FNDA:2,(anonymous_6)
FNDA:3,(anonymous_7)
FNDA:0,(anonymous_8)
FNDA:0,(anonymous_9)
FNDA:0,(anonymous_10)
FNDA:0,(anonymous_11)
FNDA:0,(anonymous_12)
FNDA:3,(anonymous_13)
FNDA:2,(anonymous_14)
FNDA:0,(anonymous_15)
FNDA:2,(anonymous_16)
FNDA:0,(anonymous_17)
FNDA:2,(anonymous_18)
FNDA:3,(anonymous_19)
DA:1,3
DA:2,3
DA:4,3
DA:6,3
DA:8,3
DA:10,3
DA:29,3
DA:54,2
DA:56,2
DA:57,2
DA:58,2
DA:59,2
DA:61,2
DA:62,2
DA:64,2
DA:104,3
DA:108,3
DA:110,3
DA:111,0
DA:112,0
DA:114,0
DA:115,0
DA:118,3
DA:119,0
DA:120,0
DA:121,0
DA:122,0
DA:124,0
DA:127,3
DA:128,0
DA:129,0
DA:130,0
DA:132,0
DA:135,3
DA:136,0
DA:137,0
DA:138,0
DA:140,0
DA:141,0
DA:143,0
DA:146,3
DA:147,0
DA:148,0
DA:149,0
DA:151,0
DA:152,0
DA:154,0
DA:157,3
DA:158,3
DA:160,3
DA:162,3
DA:163,3
DA:165,3
DA:166,1
DA:167,1
DA:168,1
DA:169,2
DA:175,0
DA:179,2
DA:180,1
DA:181,1
DA:182,2
DA:183,2
DA:195,0
DA:201,1
DA:202,1
DA:203,3
DA:208,1
LF:68
LH:41
BRDA:80,0,0,2
BRDA:80,0,1,2
BRDA:112,1,0,0
BRDA:112,1,1,0
BRDA:120,2,0,0
BRDA:120,2,1,0
BRDA:129,3,0,0
BRDA:129,3,1,0
BRDA:136,4,0,0
BRDA:136,4,1,0
BRDA:138,5,0,0
BRDA:138,5,1,0
BRDA:148,6,0,0
BRDA:148,6,1,0
BRDA:149,7,0,0
BRDA:149,7,1,0
BRDA:163,8,0,3
BRDA:163,8,1,3
BRDA:165,9,0,1
BRDA:165,9,1,2
BRDA:167,10,0,0
BRDA:167,10,1,1
BRDA:179,11,0,1
BRDA:179,11,1,1
BRDA:180,12,0,1
BRDA:180,12,1,0
BRDA:183,13,0,0
BRDA:183,13,1,2
BRF:28
BRH:11
end_of_record
TN:
SF:D:/sinux_frontend/vue3-jsonschema-form/lib/fields/NumberField.vue
FN:11,(anonymous_1)
FNF:1
FNH:0
FNDA:0,(anonymous_1)
DA:7,3
DA:11,1
DA:12,0
DA:13,0
DA:14,0
DA:15,0
DA:17,0
LF:7
LH:2
BRDA:14,0,0,0
BRDA:14,0,1,0
BRF:2
BRH:0
end_of_record
TN:
SF:D:\sinux_frontend\vue3-jsonschema-form\lib\fields\ObjectField.tsx
FN:10,(anonymous_0)
FN:14,(anonymous_1)
FN:24,(anonymous_2)
FN:33,(anonymous_3)
FN:38,(anonymous_4)
FNF:5
FNH:0
FNDA:0,(anonymous_0)
FNDA:0,(anonymous_1)
FNDA:0,(anonymous_2)
FNDA:0,(anonymous_3)
FNDA:0,(anonymous_4)
DA:1,3
DA:3,3
DA:4,3
DA:5,3
DA:7,3
DA:12,0
DA:14,0
DA:15,0
DA:16,0
DA:17,0
DA:19,0
DA:21,0
DA:24,0
DA:25,0
DA:27,0
DA:29,0
DA:31,0
DA:33,0
DA:34,0
DA:38,0
LF:20
LH:5
BRDA:15,0,0,0
BRDA:15,0,1,0
BRDA:16,1,0,0
BRDA:16,1,1,0
BRDA:27,2,0,0
BRDA:27,2,1,0
BRDA:31,3,0,0
BRDA:31,3,1,0
BRF:8
BRH:0
end_of_record
TN:
SF:D:/sinux_frontend/vue3-jsonschema-form/lib/fields/StringField.vue
FN:21,(anonymous_1)
FNF:1
FNH:0
FNDA:0,(anonymous_1)
DA:7,3
DA:19,3
DA:21,3
DA:22,0
DA:23,0
LF:5
LH:3
BRF:0
BRH:0
end_of_record
TN:
SF:D:\sinux_frontend\vue3-jsonschema-form\lib\validator\date-time-range-keyword.ts
FN:6,(anonymous_0)
FN:10,(anonymous_1)
FN:27,(anonymous_2)
FN:32,(anonymous_3)
FN:42,(anonymous_4)
FN:46,(anonymous_5)
FN:65,(anonymous_6)
FN:70,(anonymous_7)
FNF:8
FNH:0
FNDA:0,(anonymous_0)
FNDA:0,(anonymous_1)
FNDA:0,(anonymous_2)
FNDA:0,(anonymous_3)
FNDA:0,(anonymous_4)
FNDA:0,(anonymous_5)
FNDA:0,(anonymous_6)
FNDA:0,(anonymous_7)
DA:2,3
DA:4,3
DA:7,0
DA:8,0
DA:10,0
DA:12,0
DA:14,0
DA:16,0
DA:17,0
DA:19,0
DA:24,0
DA:27,0
DA:28,0
DA:29,0
DA:33,0
DA:40,3
DA:43,0
DA:44,0
DA:46,0
DA:48,0
DA:50,0
DA:52,0
DA:53,0
DA:55,0
DA:62,0
DA:65,0
DA:66,0
DA:67,0
DA:71,0
LF:29
LH:3
BRDA:12,0,0,0
BRDA:12,0,1,0
BRDA:12,1,0,0
BRDA:12,1,1,0
BRDA:19,2,0,0
BRDA:19,2,1,0
BRDA:20,3,0,0
BRDA:20,3,1,0
BRDA:20,3,2,0
BRDA:20,3,3,0
BRDA:48,4,0,0
BRDA:48,4,1,0
BRDA:48,5,0,0
BRDA:48,5,1,0
BRDA:55,6,0,0
BRDA:55,6,1,0
BRDA:56,7,0,0
BRDA:56,7,1,0
BRDA:56,7,2,0
BRDA:56,7,3,0
BRDA:56,7,4,0
BRF:21
BRH:0
end_of_record
TN:
SF:D:\sinux_frontend\vue3-jsonschema-form\lib\validator\index.ts
FN:13,(anonymous_0)
FN:15,mergeMaybeArray
FN:21,mergerOptions
FN:41,createInstance
FN:49,(anonymous_5)
FN:50,(anonymous_6)
FN:59,validateData
FN:72,toErrorSchema
FN:91,(anonymous_9)
FN:136,transformAjvErrors
FN:143,(anonymous_11)
FN:164,validateFormData
FN:271,toErrorList
FN:276,(anonymous_14)
FN:283,(anonymous_15)
FN:291,mergeObjects
FN:294,(anonymous_17)
FN:323,toRaw
FN:327,createErrorHandlerProxy
FN:329,(anonymous_20)
FN:331,(anonymous_21)
FNF:21
FNH:5
FNDA:0,(anonymous_0)
FNDA:6,mergeMaybeArray
FNDA:3,mergerOptions
FNDA:3,createInstance
FNDA:3,(anonymous_5)
FNDA:9,(anonymous_6)
FNDA:0,validateData
FNDA:0,toErrorSchema
FNDA:0,(anonymous_9)
FNDA:0,transformAjvErrors
FNDA:0,(anonymous_11)
FNDA:0,validateFormData
FNDA:0,toErrorList
FNDA:0,(anonymous_14)
FNDA:0,(anonymous_15)
FNDA:0,mergeObjects
FNDA:0,(anonymous_17)
FNDA:0,toRaw
FNDA:0,createErrorHandlerProxy
FNDA:0,(anonymous_20)
FNDA:0,(anonymous_21)
DA:1,3
DA:2,3
DA:3,3
DA:6,3
DA:9,3
DA:11,3
DA:13,6
DA:16,6
DA:17,6
DA:18,6
DA:25,3
DA:30,3
DA:31,3
DA:33,3
DA:42,3
DA:44,3
DA:46,3
DA:47,3
DA:49,3
DA:50,9
DA:54,3
DA:57,3
DA:60,0
DA:61,0
DA:88,0
DA:89,0
DA:91,0
DA:92,0
DA:93,0
DA:94,0
DA:98,0
DA:99,0
DA:102,0
DA:103,0
DA:104,0
DA:106,0
DA:109,0
DA:113,0
DA:115,0
DA:116,0
DA:119,0
DA:139,0
DA:140,0
DA:143,0
DA:144,0
DA:145,0
DA:148,0
DA:175,0
DA:185,0
DA:206,0
DA:207,0
DA:208,0
DA:210,0
DA:214,0
DA:217,0
DA:220,0
DA:225,0
DA:226,0
DA:233,0
DA:234,0
DA:237,0
DA:239,0
DA:240,0
DA:250,0
DA:251,0
DA:254,0
DA:256,0
DA:258,0
DA:259,0
DA:263,0
DA:265,0
DA:273,0
DA:274,0
DA:275,0
DA:277,0
DA:283,0
DA:284,0
DA:285,0
DA:287,0
DA:293,0
DA:294,0
DA:295,0
DA:296,0
DA:297,0
DA:298,0
DA:299,0
DA:300,0
DA:302,0
DA:304,0
DA:324,0
DA:328,0
DA:330,0
DA:331,0
DA:332,0
DA:333,0
DA:334,0
DA:338,0
DA:339,0
DA:350,0
DA:352,0
DA:353,0
DA:354,0
DA:355,0
DA:358,0
LF:104
LH:22
BRDA:13,0,0,0
BRDA:13,0,1,0
BRDA:16,1,0,6
BRDA:16,1,1,0
BRDA:16,2,0,6
BRDA:16,2,1,0
BRDA:17,3,0,0
BRDA:17,3,1,6
BRDA:17,4,0,0
BRDA:17,4,1,0
BRDA:41,5,0,0
BRDA:88,6,0,0
BRDA:88,6,1,0
BRDA:98,7,0,0
BRDA:98,7,1,0
BRDA:98,8,0,0
BRDA:98,8,1,0
BRDA:103,9,0,0
BRDA:103,9,1,0
BRDA:109,10,0,0
BRDA:109,10,1,0
BRDA:113,11,0,0
BRDA:113,11,1,0
BRDA:115,12,0,0
BRDA:115,12,1,0
BRDA:137,13,0,0
BRDA:139,14,0,0
BRDA:139,14,1,0
BRDA:139,15,0,0
BRDA:139,15,1,0
BRDA:220,16,0,0
BRDA:220,16,1,0
BRDA:220,16,2,0
BRDA:220,16,3,0
BRDA:225,17,0,0
BRDA:225,17,1,0
BRDA:233,18,0,0
BRDA:233,18,1,0
BRDA:239,19,0,0
BRDA:239,19,1,0
BRDA:250,20,0,0
BRDA:250,20,1,0
BRDA:271,21,0,0
BRDA:274,22,0,0
BRDA:274,22,1,0
BRDA:284,23,0,0
BRDA:284,23,1,0
BRDA:295,24,0,0
BRDA:295,24,1,0
BRDA:297,25,0,0
BRDA:297,25,1,0
BRDA:297,26,0,0
BRDA:297,26,1,0
BRDA:297,26,2,0
BRDA:299,27,0,0
BRDA:299,27,1,0
BRDA:299,28,0,0
BRDA:299,28,1,0
BRDA:299,28,2,0
BRDA:327,29,0,0
BRDA:330,30,0,0
BRDA:330,30,1,0
BRDA:333,31,0,0
BRDA:333,31,1,0
BRDA:338,32,0,0
BRDA:338,32,1,0
BRDA:352,33,0,0
BRDA:352,33,1,0
BRF:68
BRH:3
end_of_record
TN:
SF:D:\sinux_frontend\vue3-jsonschema-form\lib\validator\instance-default-options.ts
FN:19,(anonymous_0)
FN:40,(anonymous_1)
FN:42,(anonymous_2)
FN:46,doValidate
FNF:4
FNH:0
FNDA:0,(anonymous_0)
FNDA:0,(anonymous_1)
FNDA:0,(anonymous_2)
FNDA:0,doValidate
DA:2,3
DA:7,3
DA:11,3
DA:19,0
DA:41,0
DA:42,0
DA:46,0
DA:47,0
DA:49,0
DA:50,0
DA:51,0
DA:52,0
DA:59,0
DA:62,0
DA:91,3
LF:15
LH:4
BRDA:19,0,0,0
BRDA:19,0,1,0
BRDA:49,1,0,0
BRDA:49,1,1,0
BRDA:51,2,0,0
BRDA:51,2,1,0
BRF:6
BRH:0
end_of_record
TN:
SF:D:\sinux_frontend\vue3-jsonschema-form\lib\widgets\Selection.tsx
FN:16,(anonymous_0)
FN:20,(anonymous_1)
FN:28,(anonymous_2)
FN:29,(anonymous_3)
FN:36,(anonymous_4)
FN:40,(anonymous_5)
FN:43,(anonymous_6)
FN:44,(anonymous_7)
FNF:8
FNH:5
FNDA:1,(anonymous_0)
FNDA:0,(anonymous_1)
FNDA:1,(anonymous_2)
FNDA:0,(anonymous_3)
FNDA:1,(anonymous_4)
FNDA:1,(anonymous_5)
FNDA:0,(anonymous_6)
FNDA:3,(anonymous_7)
DA:1,3
DA:3,3
DA:17,1
DA:20,1
DA:21,0
DA:22,0
DA:27,1
DA:28,1
DA:30,0
DA:31,0
DA:36,1
DA:37,1
DA:40,1
DA:41,1
DA:42,1
DA:43,0
DA:45,3
LF:17
LH:12
BRDA:21,0,0,0
BRDA:21,0,1,0
BRDA:30,1,0,0
BRDA:30,1,1,0
BRF:4
BRH:0
end_of_record
